03/04/2015 10:12:09 PM Program has started
03/04/2015 10:12:09 PM Setting up API
03/04/2015 10:12:09 PM Setting up DB
03/04/2015 10:12:09 PM Reading file
03/04/2015 10:12:27 PM Program has started
03/04/2015 10:12:27 PM Setting up API
03/04/2015 10:12:27 PM Setting up DB
03/04/2015 10:12:27 PM Reading file
03/04/2015 10:12:27 PM Starting new HTTPS connection (1): api.linkedin.com
03/04/2015 10:13:12 PM Program has started
03/04/2015 10:13:12 PM Setting up API
03/04/2015 10:13:12 PM Setting up DB
03/04/2015 10:13:12 PM Reading file
03/04/2015 10:13:12 PM Starting new HTTPS connection (1): api.linkedin.com
03/04/2015 10:19:49 PM Program has started
03/04/2015 10:19:49 PM Setting up API
03/04/2015 10:19:49 PM Setting up DB
03/04/2015 10:19:49 PM Reading file
03/04/2015 10:19:49 PM Starting new HTTPS connection (1): api.linkedin.com
03/04/2015 10:28:58 PM Program has started
03/04/2015 10:28:58 PM Setting up API
03/04/2015 10:28:58 PM Setting up DB
03/04/2015 10:28:58 PM Reading file
03/04/2015 10:28:58 PM Starting new HTTPS connection (1): api.linkedin.com
03/04/2015 10:28:58 PM Starting new HTTPS connection (1): api.linkedin.com
03/04/2015 10:28:59 PM Starting new HTTPS connection (1): api.linkedin.com
03/04/2015 10:28:59 PM Starting new HTTPS connection (1): api.linkedin.com
03/04/2015 10:28:59 PM Starting new HTTPS connection (1): api.linkedin.com
03/04/2015 10:29:34 PM Program has started
03/04/2015 10:29:34 PM Setting up API
03/04/2015 10:29:34 PM Setting up DB
03/04/2015 10:29:34 PM Reading file
03/04/2015 10:29:34 PM Starting new HTTPS connection (1): api.linkedin.com
03/04/2015 10:29:35 PM Starting new HTTPS connection (1): api.linkedin.com
03/04/2015 10:29:35 PM Starting new HTTPS connection (1): api.linkedin.com
03/04/2015 10:29:35 PM Starting new HTTPS connection (1): api.linkedin.com
03/04/2015 10:29:35 PM Starting new HTTPS connection (1): api.linkedin.com
03/04/2015 10:29:47 PM Program has started
03/04/2015 10:29:47 PM Setting up API
03/04/2015 10:29:47 PM Setting up DB
03/04/2015 10:29:47 PM Reading file
03/04/2015 10:29:47 PM Starting new HTTPS connection (1): api.linkedin.com
03/04/2015 10:29:54 PM Program has started
03/04/2015 10:29:54 PM Setting up API
03/04/2015 10:29:54 PM Setting up DB
03/04/2015 10:29:54 PM Reading file
03/04/2015 10:29:54 PM Starting new HTTPS connection (1): api.linkedin.com
03/04/2015 10:29:54 PM Starting new HTTPS connection (1): api.linkedin.com
03/04/2015 10:29:55 PM Starting new HTTPS connection (1): api.linkedin.com
03/04/2015 10:29:55 PM Starting new HTTPS connection (1): api.linkedin.com
03/04/2015 10:29:55 PM Starting new HTTPS connection (1): api.linkedin.com
03/04/2015 10:39:14 PM Program has started
03/04/2015 10:39:14 PM Setting up API
03/04/2015 10:39:14 PM Setting up DB
03/04/2015 10:39:14 PM Reading file
03/04/2015 10:39:14 PM Starting new HTTPS connection (1): api.linkedin.com
03/04/2015 10:39:15 PM Starting new HTTPS connection (1): api.linkedin.com
03/04/2015 10:39:16 PM Starting new HTTPS connection (1): api.linkedin.com
03/04/2015 10:39:17 PM Starting new HTTPS connection (1): api.linkedin.com
03/04/2015 10:39:17 PM Starting new HTTPS connection (1): api.linkedin.com
03/04/2015 10:47:51 PM Program has started
03/04/2015 10:47:51 PM Setting up API
03/04/2015 10:47:51 PM Setting up DB
03/04/2015 10:47:51 PM Reading file
03/04/2015 10:47:51 PM Starting new HTTPS connection (1): api.linkedin.com
03/04/2015 10:47:51 PM Starting new HTTPS connection (1): api.linkedin.com
03/04/2015 10:47:52 PM Starting new HTTPS connection (1): api.linkedin.com
03/04/2015 10:47:52 PM Starting new HTTPS connection (1): api.linkedin.com
03/04/2015 10:47:53 PM Starting new HTTPS connection (1): api.linkedin.com
03/04/2015 10:50:10 PM Program has started
03/04/2015 10:50:10 PM Setting up API
03/04/2015 10:50:10 PM Setting up DB
03/04/2015 10:50:10 PM Reading file
03/04/2015 10:50:10 PM Starting new HTTPS connection (1): api.linkedin.com
03/04/2015 10:50:10 PM Starting new HTTPS connection (1): api.linkedin.com
03/04/2015 10:50:10 PM Starting new HTTPS connection (1): api.linkedin.com
03/04/2015 10:50:10 PM Starting new HTTPS connection (1): api.linkedin.com
03/04/2015 10:50:11 PM Starting new HTTPS connection (1): api.linkedin.com
03/04/2015 10:52:41 PM Program has started
03/04/2015 10:52:41 PM Setting up API
03/04/2015 10:52:41 PM Setting up DB
03/04/2015 10:52:41 PM Reading file
03/04/2015 10:52:41 PM Starting new HTTPS connection (1): api.linkedin.com
03/04/2015 10:52:41 PM Starting new HTTPS connection (1): api.linkedin.com
03/04/2015 10:52:41 PM Starting new HTTPS connection (1): api.linkedin.com
03/04/2015 10:52:41 PM Starting new HTTPS connection (1): api.linkedin.com
03/04/2015 10:52:42 PM Starting new HTTPS connection (1): api.linkedin.com
03/04/2015 10:52:42 PM Classifying Alibek
03/04/2015 10:53:49 PM Program has started
03/04/2015 10:53:49 PM Setting up API
03/04/2015 10:53:49 PM Setting up DB
03/04/2015 10:53:49 PM Reading file
03/04/2015 10:53:49 PM Starting new HTTPS connection (1): api.linkedin.com
03/04/2015 10:53:49 PM Starting new HTTPS connection (1): api.linkedin.com
03/04/2015 10:53:49 PM Starting new HTTPS connection (1): api.linkedin.com
03/04/2015 10:53:50 PM Starting new HTTPS connection (1): api.linkedin.com
03/04/2015 10:53:50 PM Starting new HTTPS connection (1): api.linkedin.com
03/04/2015 10:53:50 PM {u'positions': {u'_total': 0}, 'firstName': 'Alibek', 'URL': 'https://www.linkedin.com/pub/alibek-utyubayev/21/27/744', 'lastName': 'Utyubaev', u'industry': u'Computer Software', 'dob': '05/04/1991', u'pictureUrl': u'https://media.licdn.com/mpr/mprx/0_xrBNYrnGDrG_OYbTjBcwYPcCDKnSyjbTjc_IYtQt-PCg_MK319bZr--yi49t0VQSY1vElzZP9nvN', u'location': {u'country': {u'code': u'us'}, u'name': u'State College, Pennsylvania Area'}, u'headline': u'Software Development Intern at Microsoft', 'id': '0123456789'}
03/04/2015 10:53:50 PM Classifying Alibek
03/04/2015 11:14:49 PM Program has started
03/04/2015 11:14:49 PM Setting up API
03/04/2015 11:14:49 PM Setting up DB
03/04/2015 11:14:49 PM Reading file
03/04/2015 11:14:49 PM Starting new HTTPS connection (1): api.linkedin.com
03/04/2015 11:14:49 PM Starting new HTTPS connection (1): api.linkedin.com
03/04/2015 11:14:49 PM Starting new HTTPS connection (1): api.linkedin.com
03/04/2015 11:14:49 PM Starting new HTTPS connection (1): api.linkedin.com
03/04/2015 11:14:50 PM Starting new HTTPS connection (1): api.linkedin.com
03/04/2015 11:14:51 PM {u'positions': {u'_total': 0}, 'firstName': 'Alibek', 'URL': 'https://www.linkedin.com/pub/alibek-utyubayev/21/27/744', 'lastName': 'Utyubaev', u'industry': u'Computer Software', 'dob': '05/04/1991', u'pictureUrl': u'https://media.licdn.com/mpr/mprx/0_xrBNYrnGDrG_OYbTjBcwYPcCDKnSyjbTjc_IYtQt-PCg_MK319bZr--yi49t0VQSY1vElzZP9nvN', u'location': {u'country': {u'code': u'us'}, u'name': u'State College, Pennsylvania Area'}, u'headline': u'Software Development Intern at Microsoft', 'id': '0123456789'}
03/04/2015 11:14:51 PM Classifying Alibek Utyubaev
03/04/2015 11:15:10 PM Program has started
03/04/2015 11:15:10 PM Setting up API
03/04/2015 11:15:10 PM Setting up DB
03/04/2015 11:15:10 PM Reading file
03/04/2015 11:15:10 PM Starting new HTTPS connection (1): api.linkedin.com
03/04/2015 11:15:10 PM Starting new HTTPS connection (1): api.linkedin.com
03/04/2015 11:15:10 PM Starting new HTTPS connection (1): api.linkedin.com
03/04/2015 11:15:10 PM Starting new HTTPS connection (1): api.linkedin.com
03/04/2015 11:15:11 PM Starting new HTTPS connection (1): api.linkedin.com
03/04/2015 11:15:11 PM {u'positions': {u'_total': 0}, 'firstName': 'Alibek', 'URL': 'https://www.linkedin.com/pub/alibek-utyubayev/21/27/744', 'lastName': 'Utyubaev', u'industry': u'Computer Software', 'dob': '05/04/1991', u'pictureUrl': u'https://media.licdn.com/mpr/mprx/0_xrBNYrnGDrG_OYbTjBcwYPcCDKnSyjbTjc_IYtQt-PCg_MK319bZr--yi49t0VQSY1vElzZP9nvN', u'location': {u'country': {u'code': u'us'}, u'name': u'State College, Pennsylvania Area'}, u'headline': u'Software Development Intern at Microsoft', 'id': '0123456789'}
03/04/2015 11:15:11 PM Classifying Alibek Utyubaev
03/04/2015 11:15:11 PM {u'positions': {u'_total': 0}, 'firstName': 'Nurzhan', 'URL': 'https://www.linkedin.com/in/nurzhanzhambyl', 'lastName': 'Zhambyl', u'industry': u'Computer Software', 'dob': '01/08/1991', u'location': {u'country': {u'code': u'us'}, u'name': u'State College, Pennsylvania Area'}, u'headline': u'Student at The Pennsylvania State University', 'id': '9876543210'}
03/04/2015 11:15:11 PM Classifying Nurzhan Zhambyl
03/04/2015 11:15:11 PM {u'positions': {u'_total': 0}, 'firstName': 'Yermek', 'URL': 'https://www.linkedin.com/pub/yermek-issatayev/61/927/800', 'lastName': 'Issatayev', u'industry': u'Computer Software', 'dob': '12/23/1991', u'location': {u'country': {u'code': u'us'}, u'name': u'State College, Pennsylvania Area'}, u'headline': u'Learning Assistant at The Pennsylvania State University', 'id': '5678901234'}
03/04/2015 11:15:11 PM Classifying Yermek Issatayev
03/04/2015 11:15:11 PM {u'positions': {u'_total': 0}, 'firstName': 'Ben', 'URL': 'https://www.linkedin.com/in/benlengerich', 'lastName': 'Lengerich', u'industry': u'Computer Software', 'dob': '01/01/1993', u'location': {u'country': {u'code': u'us'}, u'name': u'State College, Pennsylvania Area'}, u'headline': u'Software Engineering Intern at Google', 'id': '4444455555'}
03/04/2015 11:15:11 PM Classifying Ben Lengerich
03/04/2015 11:15:11 PM {u'positions': {u'_total': 1, u'values': [{u'startDate': {u'year': 2014, u'month': 2}, u'company': {u'name': u'AltynSu'}, u'id': 640615085, u'isCurrent': True, u'title': u'developer'}]}, 'firstName': 'Diyar', 'URL': 'https://www.linkedin.com/pub/diyar-sailaubekov/a3/9b6/126', 'lastName': 'Sailaubekov', u'industry': u'Computer Networking', 'dob': '11/27/1992', u'location': {u'country': {u'code': u'us'}, u'name': u'State College, Pennsylvania Area'}, u'headline': u'developer at AltynSu', 'id': '1111199999'}
03/04/2015 11:15:11 PM Classifying Diyar Sailaubekov
03/04/2015 11:47:23 PM Program has started
03/04/2015 11:47:23 PM Setting up API
03/04/2015 11:47:23 PM Setting up DB
03/04/2015 11:47:23 PM Reading file
03/04/2015 11:48:00 PM Program has started
03/04/2015 11:48:00 PM Setting up API
03/04/2015 11:48:00 PM Setting up DB
03/04/2015 11:48:00 PM Reading file
03/04/2015 11:48:00 PM Starting new HTTPS connection (1): api.linkedin.com
03/04/2015 11:48:01 PM Starting new HTTPS connection (1): api.linkedin.com
03/04/2015 11:48:01 PM Starting new HTTPS connection (1): api.linkedin.com
03/04/2015 11:48:02 PM Starting new HTTPS connection (1): api.linkedin.com
03/04/2015 11:48:03 PM Starting new HTTPS connection (1): api.linkedin.com
03/04/2015 11:48:03 PM Classifying Alibek Utyubaev
03/04/2015 11:48:03 PM Classifying Nurzhan Zhambyl
03/04/2015 11:48:03 PM Classifying Yermek Issatayev
03/04/2015 11:48:03 PM Classifying Ben Lengerich
03/04/2015 11:48:03 PM Classifying Diyar Sailaubekov
03/04/2015 11:49:00 PM Program has started
03/04/2015 11:49:00 PM Setting up API
03/04/2015 11:49:00 PM Setting up DB
03/04/2015 11:49:00 PM Reading file
03/04/2015 11:49:00 PM Starting new HTTPS connection (1): api.linkedin.com
03/04/2015 11:49:01 PM Starting new HTTPS connection (1): api.linkedin.com
03/04/2015 11:49:01 PM Starting new HTTPS connection (1): api.linkedin.com
03/04/2015 11:49:02 PM Starting new HTTPS connection (1): api.linkedin.com
03/04/2015 11:49:03 PM Starting new HTTPS connection (1): api.linkedin.com
03/04/2015 11:49:03 PM Classifying Alibek Utyubaev
03/04/2015 11:49:03 PM Classifying Nurzhan Zhambyl
03/04/2015 11:49:03 PM Classifying Yermek Issatayev
03/04/2015 11:49:03 PM Classifying Ben Lengerich
03/04/2015 11:49:03 PM Classifying Diyar Sailaubekov
03/04/2015 11:50:59 PM Program has started
03/04/2015 11:50:59 PM Setting up API
03/04/2015 11:50:59 PM Setting up DB
03/04/2015 11:50:59 PM Reading file
03/04/2015 11:50:59 PM Starting new HTTPS connection (1): api.linkedin.com
03/04/2015 11:51:34 PM Program has started
03/04/2015 11:51:34 PM Setting up API
03/04/2015 11:51:34 PM Setting up DB
03/04/2015 11:51:34 PM Reading file
03/04/2015 11:51:34 PM Starting new HTTPS connection (1): api.linkedin.com
03/04/2015 11:54:48 PM Program has started
03/04/2015 11:54:48 PM Setting up API
03/04/2015 11:54:48 PM Setting up DB
03/04/2015 11:54:48 PM Reading file
03/04/2015 11:54:48 PM Starting new HTTPS connection (1): api.linkedin.com
03/04/2015 11:55:50 PM Program has started
03/04/2015 11:55:50 PM Setting up API
03/04/2015 11:55:50 PM Setting up DB
03/04/2015 11:55:50 PM Reading file
03/04/2015 11:55:50 PM Starting new HTTPS connection (1): api.linkedin.com
03/04/2015 11:55:50 PM Starting new HTTPS connection (1): api.linkedin.com
03/04/2015 11:55:50 PM Starting new HTTPS connection (1): api.linkedin.com
03/04/2015 11:55:51 PM Starting new HTTPS connection (1): api.linkedin.com
03/04/2015 11:55:51 PM Starting new HTTPS connection (1): api.linkedin.com
03/04/2015 11:55:51 PM Classifying Alibek Utyubaev
03/04/2015 11:55:51 PM Classifying Nurzhan Zhambyl
03/04/2015 11:55:51 PM Classifying Yermek Issatayev
03/04/2015 11:55:51 PM Classifying Ben Lengerich
03/04/2015 11:55:51 PM Classifying Diyar Sailaubekov
03/05/2015 12:07:51 AM Program has started
03/05/2015 12:07:51 AM Setting up API
03/05/2015 12:07:51 AM Setting up DB
03/05/2015 12:07:51 AM Reading file
03/05/2015 12:07:51 AM Starting new HTTPS connection (1): api.linkedin.com
03/05/2015 12:07:52 AM Starting new HTTPS connection (1): api.linkedin.com
03/05/2015 12:07:52 AM Starting new HTTPS connection (1): api.linkedin.com
03/05/2015 12:07:53 AM Starting new HTTPS connection (1): api.linkedin.com
03/05/2015 12:07:53 AM Starting new HTTPS connection (1): api.linkedin.com
03/05/2015 12:07:54 AM Classifying Alibek Utyubaev
03/05/2015 12:08:22 AM Program has started
03/05/2015 12:08:22 AM Setting up API
03/05/2015 12:08:22 AM Setting up DB
03/05/2015 12:08:22 AM Reading file
03/05/2015 12:08:22 AM Starting new HTTPS connection (1): api.linkedin.com
03/05/2015 12:08:23 AM Starting new HTTPS connection (1): api.linkedin.com
03/05/2015 12:08:23 AM Starting new HTTPS connection (1): api.linkedin.com
03/05/2015 12:08:24 AM Starting new HTTPS connection (1): api.linkedin.com
03/05/2015 12:08:25 AM Starting new HTTPS connection (1): api.linkedin.com
03/05/2015 12:08:25 AM Classifying Alibek Utyubaev
03/05/2015 12:12:00 AM Program has started
03/05/2015 12:12:00 AM Setting up API
03/05/2015 12:12:00 AM Setting up DB
03/05/2015 12:12:00 AM Reading file
03/05/2015 12:12:00 AM Starting new HTTPS connection (1): api.linkedin.com
03/05/2015 12:16:17 AM Program has started
03/05/2015 12:16:17 AM Setting up API
03/05/2015 12:16:17 AM Setting up DB
03/05/2015 12:16:17 AM Reading file
03/05/2015 12:16:17 AM Starting new HTTPS connection (1): api.linkedin.com
03/05/2015 12:18:17 AM Program has started
03/05/2015 12:18:17 AM Setting up API
03/05/2015 12:18:17 AM Setting up DB
03/05/2015 12:18:17 AM Reading file
03/05/2015 12:18:17 AM Starting new HTTPS connection (1): api.linkedin.com
03/05/2015 12:19:01 AM Program has started
03/05/2015 12:19:01 AM Setting up API
03/05/2015 12:19:01 AM Setting up DB
03/05/2015 12:19:01 AM Reading file
03/05/2015 12:19:01 AM Starting new HTTPS connection (1): api.linkedin.com
03/05/2015 12:20:05 AM Program has started
03/05/2015 12:20:05 AM Setting up API
03/05/2015 12:20:05 AM Setting up DB
03/05/2015 12:20:05 AM Reading file
03/05/2015 12:20:05 AM Starting new HTTPS connection (1): api.linkedin.com
03/05/2015 12:20:06 AM Starting new HTTPS connection (1): api.linkedin.com
03/05/2015 12:20:06 AM Starting new HTTPS connection (1): api.linkedin.com
03/05/2015 12:20:06 AM Starting new HTTPS connection (1): api.linkedin.com
03/05/2015 12:20:06 AM Starting new HTTPS connection (1): api.linkedin.com
03/05/2015 12:20:06 AM Classifying Alibek Utyubaev
03/05/2015 12:20:56 AM Program has started
03/05/2015 12:20:56 AM Setting up API
03/05/2015 12:20:56 AM Setting up DB
03/05/2015 12:20:56 AM Reading file
03/05/2015 12:20:56 AM Starting new HTTPS connection (1): api.linkedin.com
03/05/2015 12:20:57 AM Starting new HTTPS connection (1): api.linkedin.com
03/05/2015 12:20:57 AM Starting new HTTPS connection (1): api.linkedin.com
03/05/2015 12:20:57 AM Starting new HTTPS connection (1): api.linkedin.com
03/05/2015 12:20:57 AM Starting new HTTPS connection (1): api.linkedin.com
03/05/2015 12:20:57 AM Classifying Alibek Utyubaev
03/05/2015 12:20:57 AM {u'positions': {u'_total': 0}, 'firstName': 'Alibek', 'URL': 'https://www.linkedin.com/pub/alibek-utyubayev/21/27/744', 'lastName': 'Utyubaev', u'industry': u'Computer Software', 'dob': '05/04/1991', u'pictureUrl': u'https://media.licdn.com/mpr/mprx/0_xrBNYrnGDrG_OYbTjBcwYPcCDKnSyjbTjc_IYtQt-PCg_MK319bZr--yi49t0VQSY1vElzZP9nvN', u'location': {u'country': {u'code': u'us'}, u'name': u'State College, Pennsylvania Area'}, u'headline': u'Software Development Intern at Microsoft', 'id': '0123456789'}
03/05/2015 12:26:53 AM Program has started
03/05/2015 12:26:53 AM Setting up API
03/05/2015 12:26:53 AM Setting up DB
03/05/2015 12:26:53 AM Reading file
03/05/2015 12:26:53 AM Starting new HTTPS connection (1): api.linkedin.com
03/05/2015 12:26:53 AM Starting new HTTPS connection (1): api.linkedin.com
03/05/2015 12:26:53 AM Starting new HTTPS connection (1): api.linkedin.com
03/05/2015 12:26:53 AM Starting new HTTPS connection (1): api.linkedin.com
03/05/2015 12:26:54 AM Starting new HTTPS connection (1): api.linkedin.com
03/05/2015 12:26:54 AM Classifying Alibek Utyubaev
03/05/2015 12:26:54 AM {u'positions': {u'_total': 0}, 'firstName': 'Alibek', 'URL': 'https://www.linkedin.com/pub/alibek-utyubayev/21/27/744', 'lastName': 'Utyubaev', u'industry': u'Computer Software', 'dob': '05/04/1991', u'pictureUrl': u'https://media.licdn.com/mpr/mprx/0_xrBNYrnGDrG_OYbTjBcwYPcCDKnSyjbTjc_IYtQt-PCg_MK319bZr--yi49t0VQSY1vElzZP9nvN', u'location': {u'country': {u'code': u'us'}, u'name': u'State College, Pennsylvania Area'}, u'headline': u'Software Development Intern at Microsoft', 'id': '0123456789'}
03/05/2015 12:26:54 AM [{u'status': None, u'firstName': u'Alibek', u'URL': u'https://www.linkedin.com/pub/alibek-utyubayev/21/27/744', u'positions': {u'_total': 0}, u'industry': u'Computer Software', u'headline': u'Software Development Intern at Microsoft', u'dob': u'05/04/1991', u'pictureUrl': u'https://media.licdn.com/mpr/mprx/0_xrBNYrnGDrG_OYbTjBcwYPcCDKnSyjbTjc_IYtQt-PCg_MK319bZr--yi49t0VQSY1vElzZP9nvN', u'location': {u'country': {u'code': u'us'}, u'name': u'State College, Pennsylvania Area'}, u'lastName': u'Utyubaev', u'_id': ObjectId('54f569c45a84bbaa345005c5'), u'id': u'0123456789'}, {u'status': None, u'firstName': u'Nurzhan', u'URL': u'https://www.linkedin.com/in/nurzhanzhambyl', u'positions': {u'_total': 0}, u'industry': u'Computer Software', u'headline': u'Student at The Pennsylvania State University', u'dob': u'01/08/1991', u'location': {u'country': {u'code': u'us'}, u'name': u'State College, Pennsylvania Area'}, u'lastName': u'Zhambyl', u'_id': ObjectId('54f56b2c5a84bbaa345005c6'), u'id': u'9876543210'}, {u'status': None, u'firstName': u'Yermek', u'URL': u'https://www.linkedin.com/pub/yermek-issatayev/61/927/800', u'positions': {u'_total': 0}, u'industry': u'Computer Software', u'headline': u'Learning Assistant at The Pennsylvania State University', u'dob': u'12/23/1991', u'location': {u'country': {u'code': u'us'}, u'name': u'State College, Pennsylvania Area'}, u'lastName': u'Issatayev', u'_id': ObjectId('54f56b585a84bbaa345005c7'), u'id': u'5678901234'}, {u'status': None, u'firstName': u'Ben', u'URL': u'https://www.linkedin.com/in/benlengerich', u'positions': {u'_total': 0}, u'industry': u'Computer Software', u'headline': u'Software Engineering Intern at Google', u'dob': u'01/01/1993', u'location': {u'country': {u'code': u'us'}, u'name': u'State College, Pennsylvania Area'}, u'lastName': u'Lengerich', u'_id': ObjectId('54f56b585a84bbaa345005c8'), u'id': u'4444455555'}, {u'status': None, u'firstName': u'Diyar', u'URL': u'https://www.linkedin.com/pub/diyar-sailaubekov/a3/9b6/126', u'positions': {u'_total': 1, u'values': [{u'startDate': {u'month': 2, u'year': 2014}, u'company': {u'name': u'AltynSu'}, u'id': 640615085, u'isCurrent': True, u'title': u'developer'}]}, u'industry': u'Computer Networking', u'headline': u'developer at AltynSu', u'dob': u'11/27/1992', u'location': {u'country': {u'code': u'us'}, u'name': u'State College, Pennsylvania Area'}, u'lastName': u'Sailaubekov', u'_id': ObjectId('54f56b585a84bbaa345005c9'), u'id': u'1111199999'}]
03/05/2015 12:28:13 AM Program has started
03/05/2015 12:28:13 AM Setting up API
03/05/2015 12:28:13 AM Setting up DB
03/05/2015 12:28:13 AM Reading file
03/05/2015 12:28:13 AM Starting new HTTPS connection (1): api.linkedin.com
03/05/2015 12:28:14 AM Starting new HTTPS connection (1): api.linkedin.com
03/05/2015 12:28:14 AM Starting new HTTPS connection (1): api.linkedin.com
03/05/2015 12:28:14 AM Starting new HTTPS connection (1): api.linkedin.com
03/05/2015 12:28:14 AM Starting new HTTPS connection (1): api.linkedin.com
03/05/2015 12:28:15 AM Classifying Alibek Utyubaev
03/05/2015 12:28:15 AM {u'positions': {u'_total': 0}, 'firstName': 'Alibek', 'URL': 'https://www.linkedin.com/pub/alibek-utyubayev/21/27/744', 'lastName': 'Utyubaev', u'industry': u'Computer Software', 'dob': '05/04/1991', u'pictureUrl': u'https://media.licdn.com/mpr/mprx/0_xrBNYrnGDrG_OYbTjBcwYPcCDKnSyjbTjc_IYtQt-PCg_MK319bZr--yi49t0VQSY1vElzZP9nvN', u'location': {u'country': {u'code': u'us'}, u'name': u'State College, Pennsylvania Area'}, u'headline': u'Software Development Intern at Microsoft', 'id': '0123456789'}
03/05/2015 12:28:15 AM {u'status': None, u'firstName': u'Alibek', u'URL': u'https://www.linkedin.com/pub/alibek-utyubayev/21/27/744', u'positions': {u'_total': 0}, u'industry': u'Computer Software', u'headline': u'Software Development Intern at Microsoft', u'dob': u'05/04/1991', u'pictureUrl': u'https://media.licdn.com/mpr/mprx/0_xrBNYrnGDrG_OYbTjBcwYPcCDKnSyjbTjc_IYtQt-PCg_MK319bZr--yi49t0VQSY1vElzZP9nvN', u'location': {u'country': {u'code': u'us'}, u'name': u'State College, Pennsylvania Area'}, u'lastName': u'Utyubaev', u'_id': ObjectId('54f569c45a84bbaa345005c5'), u'id': u'0123456789'}
03/05/2015 12:28:15 AM Classifying Nurzhan Zhambyl
03/05/2015 12:28:15 AM {u'positions': {u'_total': 0}, 'firstName': 'Nurzhan', 'URL': 'https://www.linkedin.com/in/nurzhanzhambyl', 'lastName': 'Zhambyl', u'industry': u'Computer Software', 'dob': '01/08/1991', u'location': {u'country': {u'code': u'us'}, u'name': u'State College, Pennsylvania Area'}, u'headline': u'Student at The Pennsylvania State University', 'id': '9876543210'}
03/05/2015 12:28:15 AM {u'status': None, u'firstName': u'Nurzhan', u'URL': u'https://www.linkedin.com/in/nurzhanzhambyl', u'positions': {u'_total': 0}, u'industry': u'Computer Software', u'headline': u'Student at The Pennsylvania State University', u'dob': u'01/08/1991', u'location': {u'country': {u'code': u'us'}, u'name': u'State College, Pennsylvania Area'}, u'lastName': u'Zhambyl', u'_id': ObjectId('54f56b2c5a84bbaa345005c6'), u'id': u'9876543210'}
03/05/2015 12:28:15 AM Classifying Yermek Issatayev
03/05/2015 12:28:15 AM {u'positions': {u'_total': 0}, 'firstName': 'Yermek', 'URL': 'https://www.linkedin.com/pub/yermek-issatayev/61/927/800', 'lastName': 'Issatayev', u'industry': u'Computer Software', 'dob': '12/23/1991', u'location': {u'country': {u'code': u'us'}, u'name': u'State College, Pennsylvania Area'}, u'headline': u'Learning Assistant at The Pennsylvania State University', 'id': '5678901234'}
03/05/2015 12:28:15 AM {u'status': None, u'firstName': u'Yermek', u'URL': u'https://www.linkedin.com/pub/yermek-issatayev/61/927/800', u'positions': {u'_total': 0}, u'industry': u'Computer Software', u'headline': u'Learning Assistant at The Pennsylvania State University', u'dob': u'12/23/1991', u'location': {u'country': {u'code': u'us'}, u'name': u'State College, Pennsylvania Area'}, u'lastName': u'Issatayev', u'_id': ObjectId('54f56b585a84bbaa345005c7'), u'id': u'5678901234'}
03/05/2015 12:28:15 AM Classifying Ben Lengerich
03/05/2015 12:28:15 AM {u'positions': {u'_total': 0}, 'firstName': 'Ben', 'URL': 'https://www.linkedin.com/in/benlengerich', 'lastName': 'Lengerich', u'industry': u'Computer Software', 'dob': '01/01/1993', u'location': {u'country': {u'code': u'us'}, u'name': u'State College, Pennsylvania Area'}, u'headline': u'Software Engineering Intern at Google', 'id': '4444455555'}
03/05/2015 12:28:15 AM {u'status': None, u'firstName': u'Ben', u'URL': u'https://www.linkedin.com/in/benlengerich', u'positions': {u'_total': 0}, u'industry': u'Computer Software', u'headline': u'Software Engineering Intern at Google', u'dob': u'01/01/1993', u'location': {u'country': {u'code': u'us'}, u'name': u'State College, Pennsylvania Area'}, u'lastName': u'Lengerich', u'_id': ObjectId('54f56b585a84bbaa345005c8'), u'id': u'4444455555'}
03/05/2015 12:28:15 AM Classifying Diyar Sailaubekov
03/05/2015 12:28:15 AM {u'positions': {u'_total': 1, u'values': [{u'startDate': {u'year': 2014, u'month': 2}, u'company': {u'name': u'AltynSu'}, u'id': 640615085, u'isCurrent': True, u'title': u'developer'}]}, 'firstName': 'Diyar', 'URL': 'https://www.linkedin.com/pub/diyar-sailaubekov/a3/9b6/126', 'lastName': 'Sailaubekov', u'industry': u'Computer Networking', 'dob': '11/27/1992', u'location': {u'country': {u'code': u'us'}, u'name': u'State College, Pennsylvania Area'}, u'headline': u'developer at AltynSu', 'id': '1111199999'}
03/05/2015 12:28:15 AM {u'status': None, u'firstName': u'Diyar', u'URL': u'https://www.linkedin.com/pub/diyar-sailaubekov/a3/9b6/126', u'positions': {u'_total': 1, u'values': [{u'startDate': {u'month': 2, u'year': 2014}, u'company': {u'name': u'AltynSu'}, u'id': 640615085, u'isCurrent': True, u'title': u'developer'}]}, u'industry': u'Computer Networking', u'headline': u'developer at AltynSu', u'dob': u'11/27/1992', u'location': {u'country': {u'code': u'us'}, u'name': u'State College, Pennsylvania Area'}, u'lastName': u'Sailaubekov', u'_id': ObjectId('54f56b585a84bbaa345005c9'), u'id': u'1111199999'}
03/05/2015 12:43:30 AM Program has started
03/05/2015 12:43:30 AM Setting up API
03/05/2015 12:43:30 AM Setting up DB
03/05/2015 12:43:30 AM Reading file
03/05/2015 12:43:30 AM Starting new HTTPS connection (1): api.linkedin.com
03/05/2015 12:43:30 AM Starting new HTTPS connection (1): api.linkedin.com
03/05/2015 12:43:30 AM Starting new HTTPS connection (1): api.linkedin.com
03/05/2015 12:43:31 AM Starting new HTTPS connection (1): api.linkedin.com
03/05/2015 12:43:31 AM Starting new HTTPS connection (1): api.linkedin.com
03/05/2015 12:43:31 AM Classifying Alibek Utyubaev
03/05/2015 12:43:31 AM {u'positions': {u'_total': 0}, 'firstName': 'Alibek', 'URL': 'https://www.linkedin.com/pub/alibek-utyubayev/21/27/744', 'lastName': 'Utyubaev', u'industry': u'Computer Software', 'dob': '05/04/1991', u'pictureUrl': u'https://media.licdn.com/mpr/mprx/0_xrBNYrnGDrG_OYbTjBcwYPcCDKnSyjbTjc_IYtQt-PCg_MK319bZr--yi49t0VQSY1vElzZP9nvN', u'location': {u'country': {u'code': u'us'}, u'name': u'State College, Pennsylvania Area'}, u'headline': u'Software Development Intern at Microsoft', 'id': '0123456789'}
03/05/2015 12:45:07 AM Program has started
03/05/2015 12:45:07 AM Setting up API
03/05/2015 12:45:07 AM Setting up DB
03/05/2015 12:45:07 AM Reading file
03/05/2015 12:45:07 AM Starting new HTTPS connection (1): api.linkedin.com
03/05/2015 12:45:07 AM Starting new HTTPS connection (1): api.linkedin.com
03/05/2015 12:45:07 AM Starting new HTTPS connection (1): api.linkedin.com
03/05/2015 12:45:08 AM Starting new HTTPS connection (1): api.linkedin.com
03/05/2015 12:45:08 AM Starting new HTTPS connection (1): api.linkedin.com
03/05/2015 12:45:08 AM Classifying Alibek Utyubaev
03/05/2015 12:45:08 AM {u'positions': {u'_total': 0}, 'firstName': 'Alibek', 'URL': 'https://www.linkedin.com/pub/alibek-utyubayev/21/27/744', 'lastName': 'Utyubaev', u'industry': u'Computer Software', 'dob': '05/04/1991', u'pictureUrl': u'https://media.licdn.com/mpr/mprx/0_xrBNYrnGDrG_OYbTjBcwYPcCDKnSyjbTjc_IYtQt-PCg_MK319bZr--yi49t0VQSY1vElzZP9nvN', u'location': {u'country': {u'code': u'us'}, u'name': u'State College, Pennsylvania Area'}, u'headline': u'Software Development Intern at Microsoft', 'id': '0123456789'}
03/05/2015 12:47:27 AM Program has started
03/05/2015 12:47:27 AM Setting up API
03/05/2015 12:47:27 AM Setting up DB
03/05/2015 12:47:27 AM Reading file
03/05/2015 12:47:27 AM Starting new HTTPS connection (1): api.linkedin.com
03/05/2015 12:47:28 AM Starting new HTTPS connection (1): api.linkedin.com
03/05/2015 12:47:28 AM Starting new HTTPS connection (1): api.linkedin.com
03/05/2015 12:47:28 AM Starting new HTTPS connection (1): api.linkedin.com
03/05/2015 12:47:28 AM Starting new HTTPS connection (1): api.linkedin.com
03/05/2015 12:47:29 AM Classifying Alibek Utyubaev
03/05/2015 12:47:29 AM {u'positions': {u'_total': 0}, 'firstName': 'Alibek', 'URL': 'https://www.linkedin.com/pub/alibek-utyubayev/21/27/744', 'lastName': 'Utyubaev', u'industry': u'Computer Software', 'dob': '05/04/1991', u'pictureUrl': u'https://media.licdn.com/mpr/mprx/0_xrBNYrnGDrG_OYbTjBcwYPcCDKnSyjbTjc_IYtQt-PCg_MK319bZr--yi49t0VQSY1vElzZP9nvN', u'location': {u'country': {u'code': u'us'}, u'name': u'State College, Pennsylvania Area'}, u'headline': u'Software Development Intern at Microsoft', 'id': '0123456789'}
03/05/2015 12:48:11 AM Program has started
03/05/2015 12:48:11 AM Setting up API
03/05/2015 12:48:11 AM Setting up DB
03/05/2015 12:48:11 AM Reading file
03/05/2015 12:48:11 AM Starting new HTTPS connection (1): api.linkedin.com
03/05/2015 12:48:11 AM Starting new HTTPS connection (1): api.linkedin.com
03/05/2015 12:48:12 AM Starting new HTTPS connection (1): api.linkedin.com
03/05/2015 12:48:12 AM Starting new HTTPS connection (1): api.linkedin.com
03/05/2015 12:48:12 AM Starting new HTTPS connection (1): api.linkedin.com
03/05/2015 12:48:12 AM Classifying Alibek Utyubaev
03/05/2015 12:48:12 AM {u'positions': {u'_total': 0}, 'firstName': 'Alibek', 'URL': 'https://www.linkedin.com/pub/alibek-utyubayev/21/27/744', 'lastName': 'Utyubaev', u'industry': u'Computer Software', 'dob': '05/04/1991', u'pictureUrl': u'https://media.licdn.com/mpr/mprx/0_xrBNYrnGDrG_OYbTjBcwYPcCDKnSyjbTjc_IYtQt-PCg_MK319bZr--yi49t0VQSY1vElzZP9nvN', u'location': {u'country': {u'code': u'us'}, u'name': u'State College, Pennsylvania Area'}, u'headline': u'Software Development Intern at Microsoft', 'id': '0123456789'}
03/05/2015 12:48:12 AM Classifying Nurzhan Zhambyl
03/05/2015 12:48:12 AM {u'positions': {u'_total': 0}, 'firstName': 'Nurzhan', 'URL': 'https://www.linkedin.com/in/nurzhanzhambyl', 'lastName': 'Zhambyl', u'industry': u'Computer Software', 'dob': '01/08/1991', u'location': {u'country': {u'code': u'us'}, u'name': u'State College, Pennsylvania Area'}, u'headline': u'Student at The Pennsylvania State University', 'id': '9876543210'}
03/05/2015 12:48:12 AM Classifying Yermek Issatayev
03/05/2015 12:48:12 AM {u'positions': {u'_total': 0}, 'firstName': 'Yermek', 'URL': 'https://www.linkedin.com/pub/yermek-issatayev/61/927/800', 'lastName': 'Issatayev', u'industry': u'Computer Software', 'dob': '12/23/1991', u'location': {u'country': {u'code': u'us'}, u'name': u'State College, Pennsylvania Area'}, u'headline': u'Learning Assistant at The Pennsylvania State University', 'id': '5678901234'}
03/05/2015 12:48:12 AM Classifying Ben Lengerich
03/05/2015 12:48:12 AM {u'positions': {u'_total': 0}, 'firstName': 'Ben', 'URL': 'https://www.linkedin.com/in/benlengerich', 'lastName': 'Lengerich', u'industry': u'Computer Software', 'dob': '01/01/1993', u'location': {u'country': {u'code': u'us'}, u'name': u'State College, Pennsylvania Area'}, u'headline': u'Software Engineering Intern at Google', 'id': '4444455555'}
03/05/2015 12:48:12 AM Classifying Diyar Sailaubekov
03/05/2015 12:48:12 AM {u'positions': {u'_total': 1, u'values': [{u'startDate': {u'year': 2014, u'month': 2}, u'company': {u'name': u'AltynSu'}, u'id': 640615085, u'isCurrent': True, u'title': u'developer'}]}, 'firstName': 'Diyar', 'URL': 'https://www.linkedin.com/pub/diyar-sailaubekov/a3/9b6/126', 'lastName': 'Sailaubekov', u'industry': u'Computer Networking', 'dob': '11/27/1992', u'location': {u'country': {u'code': u'us'}, u'name': u'State College, Pennsylvania Area'}, u'headline': u'developer at AltynSu', 'id': '1111199999'}
03/05/2015 01:03:35 AM Program has started
03/05/2015 01:03:35 AM Setting up API
03/05/2015 01:03:35 AM Setting up DB
03/05/2015 01:03:35 AM Reading file
03/05/2015 01:03:35 AM Starting new HTTPS connection (1): api.linkedin.com
03/05/2015 01:03:35 AM Starting new HTTPS connection (1): api.linkedin.com
03/05/2015 01:03:35 AM Starting new HTTPS connection (1): api.linkedin.com
03/05/2015 01:03:35 AM Starting new HTTPS connection (1): api.linkedin.com
03/05/2015 01:03:36 AM Starting new HTTPS connection (1): api.linkedin.com
03/05/2015 01:03:36 AM Classifying Alibek Utyubaev
03/05/2015 01:03:36 AM {u'positions': {u'_total': 0}, 'firstName': 'Alibek', 'URL': 'https://www.linkedin.com/pub/alibek-utyubayev/21/27/744', 'lastName': 'Utyubaev', u'industry': u'Computer Software', 'dob': '05/04/1991', u'pictureUrl': u'https://media.licdn.com/mpr/mprx/0_xrBNYrnGDrG_OYbTjBcwYPcCDKnSyjbTjc_IYtQt-PCg_MK319bZr--yi49t0VQSY1vElzZP9nvN', u'location': {u'country': {u'code': u'us'}, u'name': u'State College, Pennsylvania Area'}, u'headline': u'Software Development Intern at Microsoft', 'id': '0123456789'}
03/05/2015 01:03:48 AM Program has started
03/05/2015 01:03:48 AM Setting up API
03/05/2015 01:03:48 AM Setting up DB
03/05/2015 01:03:48 AM Reading file
03/05/2015 01:03:48 AM Starting new HTTPS connection (1): api.linkedin.com
03/05/2015 01:03:49 AM Starting new HTTPS connection (1): api.linkedin.com
03/05/2015 01:03:49 AM Starting new HTTPS connection (1): api.linkedin.com
03/05/2015 01:03:49 AM Starting new HTTPS connection (1): api.linkedin.com
03/05/2015 01:03:49 AM Starting new HTTPS connection (1): api.linkedin.com
03/05/2015 01:03:49 AM Classifying Alibek Utyubaev
03/05/2015 01:03:49 AM {u'positions': {u'_total': 0}, 'firstName': 'Alibek', 'URL': 'https://www.linkedin.com/pub/alibek-utyubayev/21/27/744', 'lastName': 'Utyubaev', u'industry': u'Computer Software', 'dob': '05/04/1991', u'pictureUrl': u'https://media.licdn.com/mpr/mprx/0_xrBNYrnGDrG_OYbTjBcwYPcCDKnSyjbTjc_IYtQt-PCg_MK319bZr--yi49t0VQSY1vElzZP9nvN', u'location': {u'country': {u'code': u'us'}, u'name': u'State College, Pennsylvania Area'}, u'headline': u'Software Development Intern at Microsoft', 'id': '0123456789'}
03/05/2015 01:07:34 AM Program has started
03/05/2015 01:07:34 AM Setting up API
03/05/2015 01:07:34 AM Setting up DB
03/05/2015 01:07:34 AM Reading file
03/05/2015 01:07:34 AM Starting new HTTPS connection (1): api.linkedin.com
03/05/2015 01:07:34 AM Starting new HTTPS connection (1): api.linkedin.com
03/05/2015 01:07:34 AM Starting new HTTPS connection (1): api.linkedin.com
03/05/2015 01:07:35 AM Starting new HTTPS connection (1): api.linkedin.com
03/05/2015 01:07:35 AM Starting new HTTPS connection (1): api.linkedin.com
03/05/2015 01:07:35 AM Classifying Alibek Utyubaev
03/05/2015 01:07:35 AM {u'positions': {u'_total': 0}, 'firstName': 'Alibek', 'URL': 'https://www.linkedin.com/pub/alibek-utyubayev/21/27/744', 'lastName': 'Utyubaev', u'industry': u'Computer Software', 'dob': '05/04/1991', u'pictureUrl': u'https://media.licdn.com/mpr/mprx/0_xrBNYrnGDrG_OYbTjBcwYPcCDKnSyjbTjc_IYtQt-PCg_MK319bZr--yi49t0VQSY1vElzZP9nvN', u'location': {u'country': {u'code': u'us'}, u'name': u'State College, Pennsylvania Area'}, u'headline': u'Software Development Intern at Microsoft', 'id': '0123456789'}
03/05/2015 01:10:07 AM Program has started
03/05/2015 01:10:07 AM Setting up API
03/05/2015 01:10:07 AM Setting up DB
03/05/2015 01:10:07 AM Reading file
03/05/2015 01:10:07 AM Starting new HTTPS connection (1): api.linkedin.com
03/05/2015 01:10:08 AM Starting new HTTPS connection (1): api.linkedin.com
03/05/2015 01:10:08 AM Starting new HTTPS connection (1): api.linkedin.com
03/05/2015 01:10:08 AM Starting new HTTPS connection (1): api.linkedin.com
03/05/2015 01:10:09 AM Starting new HTTPS connection (1): api.linkedin.com
03/05/2015 01:10:09 AM Classifying Alibek Utyubaev
03/05/2015 01:10:09 AM {u'positions': {u'_total': 0}, 'firstName': 'Alibek', 'URL': 'https://www.linkedin.com/pub/alibek-utyubayev/21/27/744', 'lastName': 'Utyubaev', u'industry': u'Computer Software', 'dob': '05/04/1991', u'pictureUrl': u'https://media.licdn.com/mpr/mprx/0_xrBNYrnGDrG_OYbTjBcwYPcCDKnSyjbTjc_IYtQt-PCg_MK319bZr--yi49t0VQSY1vElzZP9nvN', u'location': {u'country': {u'code': u'us'}, u'name': u'State College, Pennsylvania Area'}, u'headline': u'Software Development Intern at Microsoft', 'id': '0123456789'}
03/05/2015 01:11:06 AM Program has started
03/05/2015 01:11:06 AM Setting up API
03/05/2015 01:11:06 AM Setting up DB
03/05/2015 01:11:06 AM Reading file
03/05/2015 01:11:06 AM Starting new HTTPS connection (1): api.linkedin.com
03/05/2015 01:11:06 AM Starting new HTTPS connection (1): api.linkedin.com
03/05/2015 01:11:07 AM Starting new HTTPS connection (1): api.linkedin.com
03/05/2015 01:11:07 AM Starting new HTTPS connection (1): api.linkedin.com
03/05/2015 01:11:07 AM Starting new HTTPS connection (1): api.linkedin.com
03/05/2015 01:11:07 AM Classifying Alibek Utyubaev
03/05/2015 01:11:07 AM {u'positions': {u'_total': 0}, 'firstName': 'Alibek', 'URL': 'https://www.linkedin.com/pub/alibek-utyubayev/21/27/744', 'lastName': 'Utyubaev', u'industry': u'Computer Software', 'dob': '05/04/1991', u'pictureUrl': u'https://media.licdn.com/mpr/mprx/0_xrBNYrnGDrG_OYbTjBcwYPcCDKnSyjbTjc_IYtQt-PCg_MK319bZr--yi49t0VQSY1vElzZP9nvN', u'location': {u'country': {u'code': u'us'}, u'name': u'State College, Pennsylvania Area'}, u'headline': u'Software Development Intern at Microsoft', 'id': '0123456789'}
03/05/2015 01:11:39 AM Program has started
03/05/2015 01:11:39 AM Setting up API
03/05/2015 01:11:39 AM Setting up DB
03/05/2015 01:11:39 AM Reading file
03/05/2015 01:11:39 AM Starting new HTTPS connection (1): api.linkedin.com
03/05/2015 01:11:40 AM Starting new HTTPS connection (1): api.linkedin.com
03/05/2015 01:11:40 AM Starting new HTTPS connection (1): api.linkedin.com
03/05/2015 01:11:40 AM Starting new HTTPS connection (1): api.linkedin.com
03/05/2015 01:11:40 AM Starting new HTTPS connection (1): api.linkedin.com
03/05/2015 01:11:40 AM Classifying Alibek Utyubaev
03/05/2015 01:11:40 AM {u'positions': {u'_total': 0}, 'firstName': 'Alibek', 'URL': 'https://www.linkedin.com/pub/alibek-utyubayev/21/27/744', 'lastName': 'Utyubaev', u'industry': u'Computer Software', 'dob': '05/04/1991', u'pictureUrl': u'https://media.licdn.com/mpr/mprx/0_xrBNYrnGDrG_OYbTjBcwYPcCDKnSyjbTjc_IYtQt-PCg_MK319bZr--yi49t0VQSY1vElzZP9nvN', u'location': {u'country': {u'code': u'us'}, u'name': u'State College, Pennsylvania Area'}, u'headline': u'Software Development Intern at Microsoft', 'id': '0123456789'}
03/05/2015 01:12:06 AM Program has started
03/05/2015 01:12:06 AM Setting up API
03/05/2015 01:12:06 AM Setting up DB
03/05/2015 01:12:06 AM Reading file
03/05/2015 01:12:06 AM Starting new HTTPS connection (1): api.linkedin.com
03/05/2015 01:12:06 AM Starting new HTTPS connection (1): api.linkedin.com
03/05/2015 01:12:07 AM Starting new HTTPS connection (1): api.linkedin.com
03/05/2015 01:12:07 AM Starting new HTTPS connection (1): api.linkedin.com
03/05/2015 01:12:07 AM Starting new HTTPS connection (1): api.linkedin.com
03/05/2015 01:12:07 AM Classifying Alibek Utyubaev
03/05/2015 01:12:07 AM {u'positions': {u'_total': 0}, 'firstName': 'Alibek', 'URL': 'https://www.linkedin.com/pub/alibek-utyubayev/21/27/744', 'lastName': 'Utyubaev', u'industry': u'Computer Software', 'dob': '05/04/1991', u'pictureUrl': u'https://media.licdn.com/mpr/mprx/0_xrBNYrnGDrG_OYbTjBcwYPcCDKnSyjbTjc_IYtQt-PCg_MK319bZr--yi49t0VQSY1vElzZP9nvN', u'location': {u'country': {u'code': u'us'}, u'name': u'State College, Pennsylvania Area'}, u'headline': u'Software Development Intern at Microsoft', 'id': '0123456789'}
03/05/2015 01:14:48 AM Program has started
03/05/2015 01:14:48 AM Setting up API
03/05/2015 01:14:48 AM Setting up DB
03/05/2015 01:14:48 AM Reading file
03/05/2015 01:14:48 AM Starting new HTTPS connection (1): api.linkedin.com
03/05/2015 01:14:48 AM Starting new HTTPS connection (1): api.linkedin.com
03/05/2015 01:14:48 AM Starting new HTTPS connection (1): api.linkedin.com
03/05/2015 01:14:49 AM Starting new HTTPS connection (1): api.linkedin.com
03/05/2015 01:14:49 AM Starting new HTTPS connection (1): api.linkedin.com
03/05/2015 01:14:49 AM Classifying Alibek Utyubaev
03/05/2015 01:14:49 AM {u'positions': {u'_total': 0}, 'firstName': 'Alibek', 'URL': 'https://www.linkedin.com/pub/alibek-utyubayev/21/27/744', 'lastName': 'Utyubaev', u'industry': u'Computer Software', 'dob': '05/04/1991', u'pictureUrl': u'https://media.licdn.com/mpr/mprx/0_xrBNYrnGDrG_OYbTjBcwYPcCDKnSyjbTjc_IYtQt-PCg_MK319bZr--yi49t0VQSY1vElzZP9nvN', u'location': {u'country': {u'code': u'us'}, u'name': u'State College, Pennsylvania Area'}, u'headline': u'Software Development Intern at Microsoft', 'id': '0123456789'}
03/05/2015 01:14:49 AM Classifying Nurzhan Zhambyl
03/05/2015 01:14:49 AM {u'positions': {u'_total': 0}, 'firstName': 'Nurzhan', 'URL': 'https://www.linkedin.com/in/nurzhanzhambyl', 'lastName': 'Zhambyl', u'industry': u'Computer Software', 'dob': '01/08/1991', u'location': {u'country': {u'code': u'us'}, u'name': u'State College, Pennsylvania Area'}, u'headline': u'Student at The Pennsylvania State University', 'id': '9876543210'}
03/05/2015 01:14:49 AM Classifying Yermek Issatayev
03/05/2015 01:14:49 AM {u'positions': {u'_total': 0}, 'firstName': 'Yermek', 'URL': 'https://www.linkedin.com/pub/yermek-issatayev/61/927/800', 'lastName': 'Issatayev', u'industry': u'Computer Software', 'dob': '12/23/1991', u'location': {u'country': {u'code': u'us'}, u'name': u'State College, Pennsylvania Area'}, u'headline': u'Learning Assistant at The Pennsylvania State University', 'id': '5678901234'}
03/05/2015 01:14:49 AM Classifying Ben Lengerich
03/05/2015 01:14:49 AM {u'positions': {u'_total': 0}, 'firstName': 'Ben', 'URL': 'https://www.linkedin.com/in/benlengerich', 'lastName': 'Lengerich', u'industry': u'Computer Software', 'dob': '01/01/1993', u'location': {u'country': {u'code': u'us'}, u'name': u'State College, Pennsylvania Area'}, u'headline': u'Software Engineering Intern at Google', 'id': '4444455555'}
03/05/2015 01:14:49 AM Classifying Diyar Sailaubekov
03/05/2015 01:14:49 AM {u'positions': {u'_total': 1, u'values': [{u'startDate': {u'year': 2014, u'month': 2}, u'company': {u'name': u'AltynSu'}, u'id': 640615085, u'isCurrent': True, u'title': u'developer'}]}, 'firstName': 'Diyar', 'URL': 'https://www.linkedin.com/pub/diyar-sailaubekov/a3/9b6/126', 'lastName': 'Sailaubekov', u'industry': u'Computer Networking', 'dob': '11/27/1992', u'location': {u'country': {u'code': u'us'}, u'name': u'State College, Pennsylvania Area'}, u'headline': u'developer at AltynSu', 'id': '1111199999'}
03/05/2015 01:31:41 AM Program has started
03/05/2015 01:31:41 AM Setting up API
03/05/2015 01:31:41 AM Setting up DB
03/05/2015 01:31:41 AM Reading file
03/05/2015 01:31:41 AM Starting new HTTPS connection (1): api.linkedin.com
03/05/2015 01:31:42 AM Starting new HTTPS connection (1): api.linkedin.com
03/05/2015 01:31:42 AM Starting new HTTPS connection (1): api.linkedin.com
03/05/2015 01:31:43 AM Starting new HTTPS connection (1): api.linkedin.com
03/05/2015 01:31:44 AM Starting new HTTPS connection (1): api.linkedin.com
03/05/2015 01:31:44 AM Classifying Alibek Utyubaev
03/05/2015 01:31:44 AM {u'positions': {u'_total': 0}, 'firstName': 'Alibek', 'URL': 'https://www.linkedin.com/pub/alibek-utyubayev/21/27/744', 'lastName': 'Utyubaev', u'industry': u'Computer Software', 'dob': '05/04/1991', u'pictureUrl': u'https://media.licdn.com/mpr/mprx/0_xrBNYrnGDrG_OYbTjBcwYPcCDKnSyjbTjc_IYtQt-PCg_MK319bZr--yi49t0VQSY1vElzZP9nvN', u'location': {u'country': {u'code': u'us'}, u'name': u'State College, Pennsylvania Area'}, u'headline': u'Software Development Intern at Microsoft', 'id': '0123456789'}
03/05/2015 01:31:58 AM Program has started
03/05/2015 01:31:58 AM Setting up API
03/05/2015 01:31:58 AM Setting up DB
03/05/2015 01:31:58 AM Reading file
03/05/2015 01:31:58 AM Starting new HTTPS connection (1): api.linkedin.com
03/05/2015 01:31:59 AM Starting new HTTPS connection (1): api.linkedin.com
03/05/2015 01:32:00 AM Starting new HTTPS connection (1): api.linkedin.com
03/05/2015 01:32:00 AM Starting new HTTPS connection (1): api.linkedin.com
03/05/2015 01:32:01 AM Starting new HTTPS connection (1): api.linkedin.com
03/05/2015 01:32:01 AM Classifying Alibek Utyubaev
03/05/2015 01:32:01 AM {u'positions': {u'_total': 0}, 'firstName': 'Alibek', 'URL': 'https://www.linkedin.com/pub/alibek-utyubayev/21/27/744', 'lastName': 'Utyubaev', u'industry': u'Computer Software', 'dob': '05/04/1991', u'pictureUrl': u'https://media.licdn.com/mpr/mprx/0_xrBNYrnGDrG_OYbTjBcwYPcCDKnSyjbTjc_IYtQt-PCg_MK319bZr--yi49t0VQSY1vElzZP9nvN', u'location': {u'country': {u'code': u'us'}, u'name': u'State College, Pennsylvania Area'}, u'headline': u'Software Development Intern at Microsoft', 'id': '0123456789'}
03/05/2015 01:32:18 AM Program has started
03/05/2015 01:32:18 AM Setting up API
03/05/2015 01:32:18 AM Setting up DB
03/05/2015 01:32:18 AM Reading file
03/05/2015 01:32:18 AM Starting new HTTPS connection (1): api.linkedin.com
03/05/2015 01:32:19 AM Starting new HTTPS connection (1): api.linkedin.com
03/05/2015 01:32:19 AM Starting new HTTPS connection (1): api.linkedin.com
03/05/2015 01:32:20 AM Starting new HTTPS connection (1): api.linkedin.com
03/05/2015 01:32:21 AM Starting new HTTPS connection (1): api.linkedin.com
03/05/2015 01:32:22 AM Classifying Alibek Utyubaev
03/05/2015 01:32:22 AM {u'positions': {u'_total': 0}, 'firstName': 'Alibek', 'URL': 'https://www.linkedin.com/pub/alibek-utyubayev/21/27/744', 'lastName': 'Utyubaev', u'industry': u'Computer Software', 'dob': '05/04/1991', u'pictureUrl': u'https://media.licdn.com/mpr/mprx/0_xrBNYrnGDrG_OYbTjBcwYPcCDKnSyjbTjc_IYtQt-PCg_MK319bZr--yi49t0VQSY1vElzZP9nvN', u'location': {u'country': {u'code': u'us'}, u'name': u'State College, Pennsylvania Area'}, u'headline': u'Software Development Intern at Microsoft', 'id': '0123456789'}
03/05/2015 01:32:22 AM Classifying Nurzhan Zhambyl
03/05/2015 01:32:22 AM {u'positions': {u'_total': 0}, 'firstName': 'Nurzhan', 'URL': 'https://www.linkedin.com/in/nurzhanzhambyl', 'lastName': 'Zhambyl', u'industry': u'Computer Software', 'dob': '01/08/1991', u'location': {u'country': {u'code': u'us'}, u'name': u'State College, Pennsylvania Area'}, u'headline': u'Student at The Pennsylvania State University', 'id': '9876543210'}
03/05/2015 01:32:22 AM Classifying Yermek Issatayev
03/05/2015 01:32:22 AM {u'positions': {u'_total': 0}, 'firstName': 'Yermek', 'URL': 'https://www.linkedin.com/pub/yermek-issatayev/61/927/800', 'lastName': 'Issatayev', u'industry': u'Computer Software', 'dob': '12/23/1991', u'location': {u'country': {u'code': u'us'}, u'name': u'State College, Pennsylvania Area'}, u'headline': u'Learning Assistant at The Pennsylvania State University', 'id': '5678901234'}
03/05/2015 01:32:22 AM Classifying Ben Lengerich
03/05/2015 01:32:22 AM {u'positions': {u'_total': 0}, 'firstName': 'Ben', 'URL': 'https://www.linkedin.com/in/benlengerich', 'lastName': 'Lengerich', u'industry': u'Computer Software', 'dob': '01/01/1993', u'location': {u'country': {u'code': u'us'}, u'name': u'State College, Pennsylvania Area'}, u'headline': u'Software Engineering Intern at Google', 'id': '4444455555'}
03/05/2015 01:32:22 AM Classifying Diyar Sailaubekov
03/05/2015 01:32:22 AM {u'positions': {u'_total': 1, u'values': [{u'startDate': {u'year': 2014, u'month': 2}, u'company': {u'name': u'AltynSu'}, u'id': 640615085, u'isCurrent': True, u'title': u'developer'}]}, 'firstName': 'Diyar', 'URL': 'https://www.linkedin.com/pub/diyar-sailaubekov/a3/9b6/126', 'lastName': 'Sailaubekov', u'industry': u'Computer Networking', 'dob': '11/27/1992', u'location': {u'country': {u'code': u'us'}, u'name': u'State College, Pennsylvania Area'}, u'headline': u'developer at AltynSu', 'id': '1111199999'}
03/05/2015 01:40:24 AM Program has started
03/05/2015 01:40:24 AM Setting up API
03/05/2015 01:40:24 AM Setting up DB
03/05/2015 01:40:24 AM Reading file
03/05/2015 01:40:24 AM Starting new HTTPS connection (1): api.linkedin.com
03/05/2015 01:40:24 AM Starting new HTTPS connection (1): api.linkedin.com
03/05/2015 01:40:24 AM Starting new HTTPS connection (1): api.linkedin.com
03/05/2015 01:40:24 AM Starting new HTTPS connection (1): api.linkedin.com
03/05/2015 01:40:25 AM Starting new HTTPS connection (1): api.linkedin.com
03/05/2015 01:40:25 AM Classifying Alibek Utyubaev
03/05/2015 01:40:25 AM {u'positions': {u'_total': 0}, 'firstName': 'Alibek', 'URL': 'https://www.linkedin.com/pub/alibek-utyubayev/21/27/744', 'lastName': 'Utyubaev', u'industry': u'Computer Software', 'dob': '05/04/1991', u'pictureUrl': u'https://media.licdn.com/mpr/mprx/0_xrBNYrnGDrG_OYbTjBcwYPcCDKnSyjbTjc_IYtQt-PCg_MK319bZr--yi49t0VQSY1vElzZP9nvN', u'location': {u'country': {u'code': u'us'}, u'name': u'State College, Pennsylvania Area'}, u'headline': u'Software Development Intern at Microsoft', 'id': '0123456789'}
03/05/2015 01:41:03 AM Program has started
03/05/2015 01:41:03 AM Setting up API
03/05/2015 01:41:03 AM Setting up DB
03/05/2015 01:41:03 AM Reading file
03/05/2015 01:41:03 AM Starting new HTTPS connection (1): api.linkedin.com
03/05/2015 01:41:03 AM Starting new HTTPS connection (1): api.linkedin.com
03/05/2015 01:41:04 AM Starting new HTTPS connection (1): api.linkedin.com
03/05/2015 01:41:04 AM Starting new HTTPS connection (1): api.linkedin.com
03/05/2015 01:41:04 AM Starting new HTTPS connection (1): api.linkedin.com
03/05/2015 01:41:04 AM Classifying Alibek Utyubaev
03/05/2015 01:41:04 AM {u'positions': {u'_total': 0}, 'firstName': 'Alibek', 'URL': 'https://www.linkedin.com/pub/alibek-utyubayev/21/27/744', 'lastName': 'Utyubaev', u'industry': u'Computer Software', 'dob': '05/04/1991', u'pictureUrl': u'https://media.licdn.com/mpr/mprx/0_xrBNYrnGDrG_OYbTjBcwYPcCDKnSyjbTjc_IYtQt-PCg_MK319bZr--yi49t0VQSY1vElzZP9nvN', u'location': {u'country': {u'code': u'us'}, u'name': u'State College, Pennsylvania Area'}, u'headline': u'Software Development Intern at Microsoft', 'id': '0123456789'}
03/05/2015 01:42:17 AM Program has started
03/05/2015 01:42:17 AM Setting up API
03/05/2015 01:42:17 AM Setting up DB
03/05/2015 01:42:17 AM Reading file
03/05/2015 01:42:17 AM Starting new HTTPS connection (1): api.linkedin.com
03/05/2015 01:42:17 AM Starting new HTTPS connection (1): api.linkedin.com
03/05/2015 01:42:17 AM Starting new HTTPS connection (1): api.linkedin.com
03/05/2015 01:42:18 AM Starting new HTTPS connection (1): api.linkedin.com
03/05/2015 01:42:18 AM Starting new HTTPS connection (1): api.linkedin.com
03/05/2015 01:42:18 AM Classifying Alibek Utyubaev
03/05/2015 01:42:18 AM {u'positions': {u'_total': 0}, 'firstName': 'Alibek', 'URL': 'https://www.linkedin.com/pub/alibek-utyubayev/21/27/744', 'lastName': 'Utyubaev', u'industry': u'Computer Software', 'dob': '05/04/1991', u'pictureUrl': u'https://media.licdn.com/mpr/mprx/0_xrBNYrnGDrG_OYbTjBcwYPcCDKnSyjbTjc_IYtQt-PCg_MK319bZr--yi49t0VQSY1vElzZP9nvN', u'location': {u'country': {u'code': u'us'}, u'name': u'State College, Pennsylvania Area'}, u'headline': u'Software Development Intern at Microsoft', 'id': '0123456789'}
03/05/2015 01:42:35 AM Program has started
03/05/2015 01:42:35 AM Setting up API
03/05/2015 01:42:35 AM Setting up DB
03/05/2015 01:42:35 AM Reading file
03/05/2015 01:42:35 AM Starting new HTTPS connection (1): api.linkedin.com
03/05/2015 01:42:35 AM Starting new HTTPS connection (1): api.linkedin.com
03/05/2015 01:42:35 AM Starting new HTTPS connection (1): api.linkedin.com
03/05/2015 01:42:36 AM Starting new HTTPS connection (1): api.linkedin.com
03/05/2015 01:42:36 AM Starting new HTTPS connection (1): api.linkedin.com
03/05/2015 01:42:36 AM Classifying Alibek Utyubaev
03/05/2015 01:42:36 AM {u'positions': {u'_total': 0}, 'firstName': 'Alibek', 'URL': 'https://www.linkedin.com/pub/alibek-utyubayev/21/27/744', 'lastName': 'Utyubaev', u'industry': u'Computer Software', 'dob': '05/04/1991', u'pictureUrl': u'https://media.licdn.com/mpr/mprx/0_xrBNYrnGDrG_OYbTjBcwYPcCDKnSyjbTjc_IYtQt-PCg_MK319bZr--yi49t0VQSY1vElzZP9nvN', u'location': {u'country': {u'code': u'us'}, u'name': u'State College, Pennsylvania Area'}, u'headline': u'Software Development Intern at Microsoft', 'id': '0123456789'}
03/05/2015 01:42:53 AM Program has started
03/05/2015 01:42:53 AM Setting up API
03/05/2015 01:42:53 AM Setting up DB
03/05/2015 01:42:53 AM Reading file
03/05/2015 01:42:53 AM Starting new HTTPS connection (1): api.linkedin.com
03/05/2015 01:42:53 AM Starting new HTTPS connection (1): api.linkedin.com
03/05/2015 01:42:54 AM Starting new HTTPS connection (1): api.linkedin.com
03/05/2015 01:42:54 AM Starting new HTTPS connection (1): api.linkedin.com
03/05/2015 01:42:54 AM Starting new HTTPS connection (1): api.linkedin.com
03/05/2015 01:42:54 AM Classifying Alibek Utyubaev
03/05/2015 01:42:54 AM {u'positions': {u'_total': 0}, 'firstName': 'Alibek', 'URL': 'https://www.linkedin.com/pub/alibek-utyubayev/21/27/744', 'lastName': 'Utyubaev', u'industry': u'Computer Software', 'dob': '05/04/1991', u'pictureUrl': u'https://media.licdn.com/mpr/mprx/0_xrBNYrnGDrG_OYbTjBcwYPcCDKnSyjbTjc_IYtQt-PCg_MK319bZr--yi49t0VQSY1vElzZP9nvN', u'location': {u'country': {u'code': u'us'}, u'name': u'State College, Pennsylvania Area'}, u'headline': u'Software Development Intern at Microsoft', 'id': '0123456789'}
03/05/2015 01:43:03 AM Program has started
03/05/2015 01:43:03 AM Setting up API
03/05/2015 01:43:03 AM Setting up DB
03/05/2015 01:43:03 AM Reading file
03/05/2015 01:43:03 AM Starting new HTTPS connection (1): api.linkedin.com
03/05/2015 01:43:03 AM Starting new HTTPS connection (1): api.linkedin.com
03/05/2015 01:43:03 AM Starting new HTTPS connection (1): api.linkedin.com
03/05/2015 01:43:03 AM Starting new HTTPS connection (1): api.linkedin.com
03/05/2015 01:43:03 AM Starting new HTTPS connection (1): api.linkedin.com
03/05/2015 01:43:04 AM Classifying Alibek Utyubaev
03/05/2015 01:43:04 AM {u'positions': {u'_total': 0}, 'firstName': 'Alibek', 'URL': 'https://www.linkedin.com/pub/alibek-utyubayev/21/27/744', 'lastName': 'Utyubaev', u'industry': u'Computer Software', 'dob': '05/04/1991', u'pictureUrl': u'https://media.licdn.com/mpr/mprx/0_xrBNYrnGDrG_OYbTjBcwYPcCDKnSyjbTjc_IYtQt-PCg_MK319bZr--yi49t0VQSY1vElzZP9nvN', u'location': {u'country': {u'code': u'us'}, u'name': u'State College, Pennsylvania Area'}, u'headline': u'Software Development Intern at Microsoft', 'id': '0123456789'}
03/05/2015 01:43:04 AM Classifying Nurzhan Zhambyl
03/05/2015 01:43:04 AM {u'positions': {u'_total': 0}, 'firstName': 'Nurzhan', 'URL': 'https://www.linkedin.com/in/nurzhanzhambyl', 'lastName': 'Zhambyl', u'industry': u'Computer Software', 'dob': '01/08/1991', u'location': {u'country': {u'code': u'us'}, u'name': u'State College, Pennsylvania Area'}, u'headline': u'Student at The Pennsylvania State University', 'id': '9876543210'}
03/05/2015 01:43:04 AM Classifying Yermek Issatayev
03/05/2015 01:43:04 AM {u'positions': {u'_total': 0}, 'firstName': 'Yermek', 'URL': 'https://www.linkedin.com/pub/yermek-issatayev/61/927/800', 'lastName': 'Issatayev', u'industry': u'Computer Software', 'dob': '12/23/1991', u'location': {u'country': {u'code': u'us'}, u'name': u'State College, Pennsylvania Area'}, u'headline': u'Learning Assistant at The Pennsylvania State University', 'id': '5678901234'}
03/05/2015 01:43:04 AM Classifying Ben Lengerich
03/05/2015 01:43:04 AM {u'positions': {u'_total': 0}, 'firstName': 'Ben', 'URL': 'https://www.linkedin.com/in/benlengerich', 'lastName': 'Lengerich', u'industry': u'Computer Software', 'dob': '01/01/1993', u'location': {u'country': {u'code': u'us'}, u'name': u'State College, Pennsylvania Area'}, u'headline': u'Software Engineering Intern at Google', 'id': '4444455555'}
03/05/2015 01:43:04 AM Classifying Diyar Sailaubekov
03/05/2015 01:43:04 AM {u'positions': {u'_total': 1, u'values': [{u'startDate': {u'year': 2014, u'month': 2}, u'company': {u'name': u'AltynSu'}, u'id': 640615085, u'isCurrent': True, u'title': u'developer'}]}, 'firstName': 'Diyar', 'URL': 'https://www.linkedin.com/pub/diyar-sailaubekov/a3/9b6/126', 'lastName': 'Sailaubekov', u'industry': u'Computer Networking', 'dob': '11/27/1992', u'location': {u'country': {u'code': u'us'}, u'name': u'State College, Pennsylvania Area'}, u'headline': u'developer at AltynSu', 'id': '1111199999'}
03/05/2015 01:43:12 AM Program has started
03/05/2015 01:43:12 AM Setting up API
03/05/2015 01:43:12 AM Setting up DB
03/05/2015 01:43:12 AM Reading file
03/05/2015 01:43:12 AM Starting new HTTPS connection (1): api.linkedin.com
03/05/2015 01:43:12 AM Starting new HTTPS connection (1): api.linkedin.com
03/05/2015 01:43:13 AM Starting new HTTPS connection (1): api.linkedin.com
03/05/2015 01:43:13 AM Starting new HTTPS connection (1): api.linkedin.com
03/05/2015 01:43:13 AM Starting new HTTPS connection (1): api.linkedin.com
03/05/2015 01:43:13 AM Classifying Alibek Utyubaev
03/05/2015 01:43:13 AM {u'positions': {u'_total': 0}, 'firstName': 'Alibek', 'URL': 'https://www.linkedin.com/pub/alibek-utyubayev/21/27/744', 'lastName': 'Utyubaev', u'industry': u'Computer Software', 'dob': '05/04/1991', u'pictureUrl': u'https://media.licdn.com/mpr/mprx/0_xrBNYrnGDrG_OYbTjBcwYPcCDKnSyjbTjc_IYtQt-PCg_MK319bZr--yi49t0VQSY1vElzZP9nvN', u'location': {u'country': {u'code': u'us'}, u'name': u'State College, Pennsylvania Area'}, u'headline': u'Software Development Intern at Microsoft', 'id': '0123456789'}
03/05/2015 01:43:13 AM Classifying Nurzhan Zhambyl
03/05/2015 01:43:13 AM {u'positions': {u'_total': 0}, 'firstName': 'Nurzhan', 'URL': 'https://www.linkedin.com/in/nurzhanzhambyl', 'lastName': 'Zhambyl', u'industry': u'Computer Software', 'dob': '01/08/1991', u'location': {u'country': {u'code': u'us'}, u'name': u'State College, Pennsylvania Area'}, u'headline': u'Student at The Pennsylvania State University', 'id': '9876543210'}
03/05/2015 01:43:13 AM Classifying Yermek Issatayev
03/05/2015 01:43:13 AM {u'positions': {u'_total': 0}, 'firstName': 'Yermek', 'URL': 'https://www.linkedin.com/pub/yermek-issatayev/61/927/800', 'lastName': 'Issatayev', u'industry': u'Computer Software', 'dob': '12/23/1991', u'location': {u'country': {u'code': u'us'}, u'name': u'State College, Pennsylvania Area'}, u'headline': u'Learning Assistant at The Pennsylvania State University', 'id': '5678901234'}
03/05/2015 01:43:13 AM Classifying Ben Lengerich
03/05/2015 01:43:13 AM {u'positions': {u'_total': 0}, 'firstName': 'Ben', 'URL': 'https://www.linkedin.com/in/benlengerich', 'lastName': 'Lengerich', u'industry': u'Computer Software', 'dob': '01/01/1993', u'location': {u'country': {u'code': u'us'}, u'name': u'State College, Pennsylvania Area'}, u'headline': u'Software Engineering Intern at Google', 'id': '4444455555'}
03/05/2015 01:43:13 AM Classifying Diyar Sailaubekov
03/05/2015 01:43:13 AM {u'positions': {u'_total': 1, u'values': [{u'startDate': {u'year': 2014, u'month': 2}, u'company': {u'name': u'AltynSu'}, u'id': 640615085, u'isCurrent': True, u'title': u'developer'}]}, 'firstName': 'Diyar', 'URL': 'https://www.linkedin.com/pub/diyar-sailaubekov/a3/9b6/126', 'lastName': 'Sailaubekov', u'industry': u'Computer Networking', 'dob': '11/27/1992', u'location': {u'country': {u'code': u'us'}, u'name': u'State College, Pennsylvania Area'}, u'headline': u'developer at AltynSu', 'id': '1111199999'}
03/05/2015 01:45:20 AM Program has started
03/05/2015 01:45:20 AM Setting up API
03/05/2015 01:45:20 AM Setting up DB
03/05/2015 01:45:20 AM Reading file
03/05/2015 01:45:20 AM Starting new HTTPS connection (1): api.linkedin.com
03/05/2015 01:45:20 AM Starting new HTTPS connection (1): api.linkedin.com
03/05/2015 01:45:21 AM Starting new HTTPS connection (1): api.linkedin.com
03/05/2015 01:45:21 AM Starting new HTTPS connection (1): api.linkedin.com
03/05/2015 01:45:21 AM Starting new HTTPS connection (1): api.linkedin.com
03/05/2015 01:45:21 AM Classifying Alibek Utyubaev
03/05/2015 01:45:21 AM {u'positions': {u'_total': 0}, 'firstName': 'Alibek', 'URL': 'https://www.linkedin.com/pub/alibek-utyubayev/21/27/744', 'lastName': 'Utyubaev', u'industry': u'Computer Software', 'dob': '05/04/1991', u'pictureUrl': u'https://media.licdn.com/mpr/mprx/0_xrBNYrnGDrG_OYbTjBcwYPcCDKnSyjbTjc_IYtQt-PCg_MK319bZr--yi49t0VQSY1vElzZP9nvN', u'location': {u'country': {u'code': u'us'}, u'name': u'State College, Pennsylvania Area'}, u'headline': u'Software Development Intern at Microsoft', 'id': '0123456789'}
03/05/2015 01:45:21 AM Classifying Nurzhan Zhambyl
03/05/2015 01:45:21 AM {u'positions': {u'_total': 0}, 'firstName': 'Nurzhan', 'URL': 'https://www.linkedin.com/in/nurzhanzhambyl', 'lastName': 'Zhambyl', u'industry': u'Computer Software', 'dob': '01/08/1991', u'location': {u'country': {u'code': u'us'}, u'name': u'State College, Pennsylvania Area'}, u'headline': u'Student at The Pennsylvania State University', 'id': '9876543210'}
03/05/2015 01:45:21 AM Classifying Yermek Issatayev
03/05/2015 01:45:21 AM {u'positions': {u'_total': 0}, 'firstName': 'Yermek', 'URL': 'https://www.linkedin.com/pub/yermek-issatayev/61/927/800', 'lastName': 'Issatayev', u'industry': u'Computer Software', 'dob': '12/23/1991', u'location': {u'country': {u'code': u'us'}, u'name': u'State College, Pennsylvania Area'}, u'headline': u'Learning Assistant at The Pennsylvania State University', 'id': '5678901234'}
03/05/2015 01:45:21 AM Classifying Ben Lengerich
03/05/2015 01:45:21 AM {u'positions': {u'_total': 0}, 'firstName': 'Ben', 'URL': 'https://www.linkedin.com/in/benlengerich', 'lastName': 'Lengerich', u'industry': u'Computer Software', 'dob': '01/01/1993', u'location': {u'country': {u'code': u'us'}, u'name': u'State College, Pennsylvania Area'}, u'headline': u'Software Engineering Intern at Google', 'id': '4444455555'}
03/05/2015 01:45:21 AM Classifying Diyar Sailaubekov
03/05/2015 01:45:21 AM {u'positions': {u'_total': 1, u'values': [{u'startDate': {u'year': 2014, u'month': 2}, u'company': {u'name': u'AltynSu'}, u'id': 640615085, u'isCurrent': True, u'title': u'developer'}]}, 'firstName': 'Diyar', 'URL': 'https://www.linkedin.com/pub/diyar-sailaubekov/a3/9b6/126', 'lastName': 'Sailaubekov', u'industry': u'Computer Networking', 'dob': '11/27/1992', u'location': {u'country': {u'code': u'us'}, u'name': u'State College, Pennsylvania Area'}, u'headline': u'developer at AltynSu', 'id': '1111199999'}
03/05/2015 01:45:52 AM Program has started
03/05/2015 01:45:52 AM Setting up API
03/05/2015 01:45:52 AM Setting up DB
03/05/2015 01:45:52 AM Reading file
03/05/2015 01:45:52 AM Starting new HTTPS connection (1): api.linkedin.com
03/05/2015 01:45:52 AM Starting new HTTPS connection (1): api.linkedin.com
03/05/2015 01:45:52 AM Starting new HTTPS connection (1): api.linkedin.com
03/05/2015 01:45:53 AM Starting new HTTPS connection (1): api.linkedin.com
03/05/2015 01:45:53 AM Starting new HTTPS connection (1): api.linkedin.com
03/05/2015 01:45:54 AM Classifying Alibek Utyubaev
03/05/2015 01:45:54 AM {u'positions': {u'_total': 0}, 'firstName': 'Alibek', 'URL': 'https://www.linkedin.com/pub/alibek-utyubayev/21/27/744', 'lastName': 'Utyubaev', u'industry': u'Computer Software', 'dob': '05/04/1991', u'pictureUrl': u'https://media.licdn.com/mpr/mprx/0_xrBNYrnGDrG_OYbTjBcwYPcCDKnSyjbTjc_IYtQt-PCg_MK319bZr--yi49t0VQSY1vElzZP9nvN', u'location': {u'country': {u'code': u'us'}, u'name': u'State College, Pennsylvania Area'}, u'headline': u'Software Development Intern at Microsoft', 'id': '0123456789'}
03/05/2015 01:45:54 AM Classifying Nurzhan Zhambyl
03/05/2015 01:45:54 AM {u'positions': {u'_total': 0}, 'firstName': 'Nurzhan', 'URL': 'https://www.linkedin.com/in/nurzhanzhambyl', 'lastName': 'Zhambyl', u'industry': u'Computer Software', 'dob': '01/08/1991', u'location': {u'country': {u'code': u'us'}, u'name': u'State College, Pennsylvania Area'}, u'headline': u'Student at The Pennsylvania State University', 'id': '9876543210'}
03/05/2015 01:45:54 AM Classifying Yermek Issatayev
03/05/2015 01:45:54 AM {u'positions': {u'_total': 0}, 'firstName': 'Yermek', 'URL': 'https://www.linkedin.com/pub/yermek-issatayev/61/927/800', 'lastName': 'Issatayev', u'industry': u'Computer Software', 'dob': '12/23/1991', u'location': {u'country': {u'code': u'us'}, u'name': u'State College, Pennsylvania Area'}, u'headline': u'Learning Assistant at The Pennsylvania State University', 'id': '5678901234'}
03/05/2015 01:45:54 AM Classifying Ben Lengerich
03/05/2015 01:45:54 AM {u'positions': {u'_total': 0}, 'firstName': 'Ben', 'URL': 'https://www.linkedin.com/in/benlengerich', 'lastName': 'Lengerich', u'industry': u'Computer Software', 'dob': '01/01/1993', u'location': {u'country': {u'code': u'us'}, u'name': u'State College, Pennsylvania Area'}, u'headline': u'Software Engineering Intern at Google', 'id': '4444455555'}
03/05/2015 01:45:54 AM Classifying Diyar Sailaubekov
03/05/2015 01:45:54 AM {u'positions': {u'_total': 1, u'values': [{u'startDate': {u'year': 2014, u'month': 2}, u'company': {u'name': u'AltynSu'}, u'id': 640615085, u'isCurrent': True, u'title': u'developer'}]}, 'firstName': 'Diyar', 'URL': 'https://www.linkedin.com/pub/diyar-sailaubekov/a3/9b6/126', 'lastName': 'Sailaubekov', u'industry': u'Computer Networking', 'dob': '11/27/1992', u'location': {u'country': {u'code': u'us'}, u'name': u'State College, Pennsylvania Area'}, u'headline': u'developer at AltynSu', 'id': '1111199999'}
03/05/2015 01:46:32 AM Program has started
03/05/2015 01:46:32 AM Setting up API
03/05/2015 01:46:32 AM Setting up DB
03/05/2015 01:46:32 AM Reading file
03/05/2015 01:46:32 AM Starting new HTTPS connection (1): api.linkedin.com
03/05/2015 01:46:32 AM Starting new HTTPS connection (1): api.linkedin.com
03/05/2015 01:46:32 AM Starting new HTTPS connection (1): api.linkedin.com
03/05/2015 01:46:33 AM Starting new HTTPS connection (1): api.linkedin.com
03/05/2015 01:46:33 AM Starting new HTTPS connection (1): api.linkedin.com
03/05/2015 01:46:33 AM Classifying Alibek Utyubaev
03/05/2015 01:46:33 AM {u'positions': {u'_total': 0}, 'firstName': 'Alibek', 'URL': 'https://www.linkedin.com/pub/alibek-utyubayev/21/27/744', 'lastName': 'Utyubaev', u'industry': u'Computer Software', 'dob': '05/04/1991', u'pictureUrl': u'https://media.licdn.com/mpr/mprx/0_xrBNYrnGDrG_OYbTjBcwYPcCDKnSyjbTjc_IYtQt-PCg_MK319bZr--yi49t0VQSY1vElzZP9nvN', u'location': {u'country': {u'code': u'us'}, u'name': u'State College, Pennsylvania Area'}, u'headline': u'Software Development Intern at Microsoft', 'id': '0123456789'}
03/05/2015 01:46:33 AM Classifying Nurzhan Zhambyl
03/05/2015 01:46:33 AM {u'positions': {u'_total': 0}, 'firstName': 'Nurzhan', 'URL': 'https://www.linkedin.com/in/nurzhanzhambyl', 'lastName': 'Zhambyl', u'industry': u'Computer Software', 'dob': '01/08/1991', u'location': {u'country': {u'code': u'us'}, u'name': u'State College, Pennsylvania Area'}, u'headline': u'Student at The Pennsylvania State University', 'id': '9876543210'}
03/05/2015 01:46:33 AM Classifying Yermek Issatayev
03/05/2015 01:46:33 AM {u'positions': {u'_total': 0}, 'firstName': 'Yermek', 'URL': 'https://www.linkedin.com/pub/yermek-issatayev/61/927/800', 'lastName': 'Issatayev', u'industry': u'Computer Software', 'dob': '12/23/1991', u'location': {u'country': {u'code': u'us'}, u'name': u'State College, Pennsylvania Area'}, u'headline': u'Learning Assistant at The Pennsylvania State University', 'id': '5678901234'}
03/05/2015 01:46:33 AM Classifying Ben Lengerich
03/05/2015 01:46:33 AM {u'positions': {u'_total': 0}, 'firstName': 'Ben', 'URL': 'https://www.linkedin.com/in/benlengerich', 'lastName': 'Lengerich', u'industry': u'Computer Software', 'dob': '01/01/1993', u'location': {u'country': {u'code': u'us'}, u'name': u'State College, Pennsylvania Area'}, u'headline': u'Software Engineering Intern at Google', 'id': '4444455555'}
03/05/2015 01:46:33 AM Classifying Diyar Sailaubekov
03/05/2015 01:46:33 AM {u'positions': {u'_total': 1, u'values': [{u'startDate': {u'year': 2014, u'month': 2}, u'company': {u'name': u'AltynSu'}, u'id': 640615085, u'isCurrent': True, u'title': u'developer'}]}, 'firstName': 'Diyar', 'URL': 'https://www.linkedin.com/pub/diyar-sailaubekov/a3/9b6/126', 'lastName': 'Sailaubekov', u'industry': u'Computer Networking', 'dob': '11/27/1992', u'location': {u'country': {u'code': u'us'}, u'name': u'State College, Pennsylvania Area'}, u'headline': u'developer at AltynSu', 'id': '1111199999'}
03/05/2015 01:46:53 AM Program has started
03/05/2015 01:46:53 AM Setting up API
03/05/2015 01:46:53 AM Setting up DB
03/05/2015 01:46:53 AM Reading file
03/05/2015 01:46:53 AM Starting new HTTPS connection (1): api.linkedin.com
03/05/2015 01:46:53 AM Starting new HTTPS connection (1): api.linkedin.com
03/05/2015 01:46:53 AM Starting new HTTPS connection (1): api.linkedin.com
03/05/2015 01:46:54 AM Starting new HTTPS connection (1): api.linkedin.com
03/05/2015 01:46:54 AM Starting new HTTPS connection (1): api.linkedin.com
03/05/2015 01:46:54 AM Classifying Alibek Utyubaev
03/05/2015 01:46:54 AM {u'positions': {u'_total': 0}, 'firstName': 'Alibek', 'URL': 'https://www.linkedin.com/pub/alibek-utyubayev/21/27/744', 'lastName': 'Utyubaev', u'industry': u'Computer Software', 'dob': '05/04/1991', u'pictureUrl': u'https://media.licdn.com/mpr/mprx/0_xrBNYrnGDrG_OYbTjBcwYPcCDKnSyjbTjc_IYtQt-PCg_MK319bZr--yi49t0VQSY1vElzZP9nvN', u'location': {u'country': {u'code': u'us'}, u'name': u'State College, Pennsylvania Area'}, u'headline': u'Software Development Intern at Microsoft', 'id': '0123456789'}
03/05/2015 01:46:54 AM Classifying Nurzhan Zhambyl
03/05/2015 01:46:54 AM {u'positions': {u'_total': 0}, 'firstName': 'Nurzhan', 'URL': 'https://www.linkedin.com/in/nurzhanzhambyl', 'lastName': 'Zhambyl', u'industry': u'Computer Software', 'dob': '01/08/1991', u'location': {u'country': {u'code': u'us'}, u'name': u'State College, Pennsylvania Area'}, u'headline': u'Student at The Pennsylvania State University', 'id': '9876543210'}
03/05/2015 01:46:54 AM Classifying Yermek Issatayev
03/05/2015 01:46:54 AM {u'positions': {u'_total': 0}, 'firstName': 'Yermek', 'URL': 'https://www.linkedin.com/pub/yermek-issatayev/61/927/800', 'lastName': 'Issatayev', u'industry': u'Computer Software', 'dob': '12/23/1991', u'location': {u'country': {u'code': u'us'}, u'name': u'State College, Pennsylvania Area'}, u'headline': u'Learning Assistant at The Pennsylvania State University', 'id': '5678901234'}
03/05/2015 01:46:54 AM Classifying Ben Lengerich
03/05/2015 01:46:54 AM {u'positions': {u'_total': 0}, 'firstName': 'Ben', 'URL': 'https://www.linkedin.com/in/benlengerich', 'lastName': 'Lengerich', u'industry': u'Computer Software', 'dob': '01/01/1993', u'location': {u'country': {u'code': u'us'}, u'name': u'State College, Pennsylvania Area'}, u'headline': u'Software Engineering Intern at Google', 'id': '4444455555'}
03/05/2015 01:46:54 AM Classifying Diyar Sailaubekov
03/05/2015 01:46:54 AM {u'positions': {u'_total': 1, u'values': [{u'startDate': {u'year': 2014, u'month': 2}, u'company': {u'name': u'AltynSu'}, u'id': 640615085, u'isCurrent': True, u'title': u'developer'}]}, 'firstName': 'Diyar', 'URL': 'https://www.linkedin.com/pub/diyar-sailaubekov/a3/9b6/126', 'lastName': 'Sailaubekov', u'industry': u'Computer Networking', 'dob': '11/27/1992', u'location': {u'country': {u'code': u'us'}, u'name': u'State College, Pennsylvania Area'}, u'headline': u'developer at AltynSu', 'id': '1111199999'}
03/05/2015 01:47:45 AM Program has started
03/05/2015 01:47:45 AM Setting up API
03/05/2015 01:47:45 AM Setting up DB
03/05/2015 01:47:45 AM Reading file
03/05/2015 01:47:45 AM Starting new HTTPS connection (1): api.linkedin.com
03/05/2015 01:47:46 AM Starting new HTTPS connection (1): api.linkedin.com
03/05/2015 01:47:46 AM Starting new HTTPS connection (1): api.linkedin.com
03/05/2015 01:47:46 AM Starting new HTTPS connection (1): api.linkedin.com
03/05/2015 01:47:47 AM Starting new HTTPS connection (1): api.linkedin.com
03/05/2015 01:47:47 AM Classifying Alibek Utyubaev
03/05/2015 01:47:47 AM {u'positions': {u'_total': 0}, 'firstName': 'Alibek', 'URL': 'https://www.linkedin.com/pub/alibek-utyubayev/21/27/744', 'lastName': 'Utyubaev', u'industry': u'Computer Software', 'dob': '05/04/1991', u'pictureUrl': u'https://media.licdn.com/mpr/mprx/0_xrBNYrnGDrG_OYbTjBcwYPcCDKnSyjbTjc_IYtQt-PCg_MK319bZr--yi49t0VQSY1vElzZP9nvN', u'location': {u'country': {u'code': u'us'}, u'name': u'State College, Pennsylvania Area'}, u'headline': u'Software Development Intern at Microsoft', 'id': '0123456789'}
03/05/2015 01:47:47 AM Classifying Nurzhan Zhambyl
03/05/2015 01:47:47 AM {u'positions': {u'_total': 0}, 'firstName': 'Nurzhan', 'URL': 'https://www.linkedin.com/in/nurzhanzhambyl', 'lastName': 'Zhambyl', u'industry': u'Computer Software', 'dob': '01/08/1991', u'location': {u'country': {u'code': u'us'}, u'name': u'State College, Pennsylvania Area'}, u'headline': u'Student at The Pennsylvania State University', 'id': '9876543210'}
03/05/2015 01:47:47 AM Classifying Yermek Issatayev
03/05/2015 01:47:47 AM {u'positions': {u'_total': 0}, 'firstName': 'Yermek', 'URL': 'https://www.linkedin.com/pub/yermek-issatayev/61/927/800', 'lastName': 'Issatayev', u'industry': u'Computer Software', 'dob': '12/23/1991', u'location': {u'country': {u'code': u'us'}, u'name': u'State College, Pennsylvania Area'}, u'headline': u'Learning Assistant at The Pennsylvania State University', 'id': '5678901234'}
03/05/2015 01:47:47 AM Classifying Ben Lengerich
03/05/2015 01:47:47 AM {u'positions': {u'_total': 0}, 'firstName': 'Ben', 'URL': 'https://www.linkedin.com/in/benlengerich', 'lastName': 'Lengerich', u'industry': u'Computer Software', 'dob': '01/01/1993', u'location': {u'country': {u'code': u'us'}, u'name': u'State College, Pennsylvania Area'}, u'headline': u'Software Engineering Intern at Google', 'id': '4444455555'}
03/05/2015 01:47:47 AM Classifying Diyar Sailaubekov
03/05/2015 01:47:47 AM {u'positions': {u'_total': 1, u'values': [{u'startDate': {u'year': 2014, u'month': 2}, u'company': {u'name': u'AltynSu'}, u'id': 640615085, u'isCurrent': True, u'title': u'developer'}]}, 'firstName': 'Diyar', 'URL': 'https://www.linkedin.com/pub/diyar-sailaubekov/a3/9b6/126', 'lastName': 'Sailaubekov', u'industry': u'Computer Networking', 'dob': '11/27/1992', u'location': {u'country': {u'code': u'us'}, u'name': u'State College, Pennsylvania Area'}, u'headline': u'developer at AltynSu', 'id': '1111199999'}
03/05/2015 01:48:05 AM Program has started
03/05/2015 01:48:05 AM Setting up API
03/05/2015 01:48:05 AM Setting up DB
03/05/2015 01:48:05 AM Reading file
03/05/2015 01:48:05 AM Starting new HTTPS connection (1): api.linkedin.com
03/05/2015 01:48:05 AM Starting new HTTPS connection (1): api.linkedin.com
03/05/2015 01:48:06 AM Starting new HTTPS connection (1): api.linkedin.com
03/05/2015 01:48:06 AM Starting new HTTPS connection (1): api.linkedin.com
03/05/2015 01:48:07 AM Starting new HTTPS connection (1): api.linkedin.com
03/05/2015 01:48:07 AM Classifying Alibek Utyubaev
03/05/2015 01:48:07 AM {u'positions': {u'_total': 0}, 'firstName': 'Alibek', 'URL': 'https://www.linkedin.com/pub/alibek-utyubayev/21/27/744', 'lastName': 'Utyubaev', u'industry': u'Computer Software', 'dob': '05/04/1991', u'pictureUrl': u'https://media.licdn.com/mpr/mprx/0_xrBNYrnGDrG_OYbTjBcwYPcCDKnSyjbTjc_IYtQt-PCg_MK319bZr--yi49t0VQSY1vElzZP9nvN', u'location': {u'country': {u'code': u'us'}, u'name': u'State College, Pennsylvania Area'}, u'headline': u'Software Development Intern at Microsoft', 'id': '0123456789'}
03/05/2015 01:48:07 AM Classifying Nurzhan Zhambyl
03/05/2015 01:48:07 AM {u'positions': {u'_total': 0}, 'firstName': 'Nurzhan', 'URL': 'https://www.linkedin.com/in/nurzhanzhambyl', 'lastName': 'Zhambyl', u'industry': u'Computer Software', 'dob': '01/08/1991', u'location': {u'country': {u'code': u'us'}, u'name': u'State College, Pennsylvania Area'}, u'headline': u'Student at The Pennsylvania State University', 'id': '9876543210'}
03/05/2015 01:48:07 AM Classifying Yermek Issatayev
03/05/2015 01:48:07 AM {u'positions': {u'_total': 0}, 'firstName': 'Yermek', 'URL': 'https://www.linkedin.com/pub/yermek-issatayev/61/927/800', 'lastName': 'Issatayev', u'industry': u'Computer Software', 'dob': '12/23/1991', u'location': {u'country': {u'code': u'us'}, u'name': u'State College, Pennsylvania Area'}, u'headline': u'Learning Assistant at The Pennsylvania State University', 'id': '5678901234'}
03/05/2015 01:48:07 AM Classifying Ben Lengerich
03/05/2015 01:48:07 AM {u'positions': {u'_total': 0}, 'firstName': 'Ben', 'URL': 'https://www.linkedin.com/in/benlengerich', 'lastName': 'Lengerich', u'industry': u'Computer Software', 'dob': '01/01/1993', u'location': {u'country': {u'code': u'us'}, u'name': u'State College, Pennsylvania Area'}, u'headline': u'Software Engineering Intern at Google', 'id': '4444455555'}
03/05/2015 01:48:07 AM Classifying Diyar Sailaubekov
03/05/2015 01:48:07 AM {u'positions': {u'_total': 1, u'values': [{u'startDate': {u'year': 2014, u'month': 2}, u'company': {u'name': u'AltynSu'}, u'id': 640615085, u'isCurrent': True, u'title': u'developer'}]}, 'firstName': 'Diyar', 'URL': 'https://www.linkedin.com/pub/diyar-sailaubekov/a3/9b6/126', 'lastName': 'Sailaubekov', u'industry': u'Computer Networking', 'dob': '11/27/1992', u'location': {u'country': {u'code': u'us'}, u'name': u'State College, Pennsylvania Area'}, u'headline': u'developer at AltynSu', 'id': '1111199999'}
03/05/2015 01:48:16 AM Program has started
03/05/2015 01:48:16 AM Setting up API
03/05/2015 01:48:16 AM Setting up DB
03/05/2015 01:48:16 AM Reading file
03/05/2015 01:48:16 AM Starting new HTTPS connection (1): api.linkedin.com
03/05/2015 01:48:16 AM Starting new HTTPS connection (1): api.linkedin.com
03/05/2015 01:48:16 AM Starting new HTTPS connection (1): api.linkedin.com
03/05/2015 01:48:16 AM Starting new HTTPS connection (1): api.linkedin.com
03/05/2015 01:48:17 AM Starting new HTTPS connection (1): api.linkedin.com
03/05/2015 01:48:17 AM Classifying Alibek Utyubaev
03/05/2015 01:48:17 AM {u'positions': {u'_total': 0}, 'firstName': 'Alibek', 'URL': 'https://www.linkedin.com/pub/alibek-utyubayev/21/27/744', 'lastName': 'Utyubaev', u'industry': u'Computer Software', 'dob': '05/04/1991', u'pictureUrl': u'https://media.licdn.com/mpr/mprx/0_xrBNYrnGDrG_OYbTjBcwYPcCDKnSyjbTjc_IYtQt-PCg_MK319bZr--yi49t0VQSY1vElzZP9nvN', u'location': {u'country': {u'code': u'us'}, u'name': u'State College, Pennsylvania Area'}, u'headline': u'Software Development Intern at Microsoft', 'id': '0123456789'}
03/05/2015 01:48:17 AM Classifying Nurzhan Zhambyl
03/05/2015 01:48:17 AM {u'positions': {u'_total': 0}, 'firstName': 'Nurzhan', 'URL': 'https://www.linkedin.com/in/nurzhanzhambyl', 'lastName': 'Zhambyl', u'industry': u'Computer Software', 'dob': '01/08/1991', u'location': {u'country': {u'code': u'us'}, u'name': u'State College, Pennsylvania Area'}, u'headline': u'Student at The Pennsylvania State University', 'id': '9876543210'}
03/05/2015 01:48:17 AM Classifying Yermek Issatayev
03/05/2015 01:48:17 AM {u'positions': {u'_total': 0}, 'firstName': 'Yermek', 'URL': 'https://www.linkedin.com/pub/yermek-issatayev/61/927/800', 'lastName': 'Issatayev', u'industry': u'Computer Software', 'dob': '12/23/1991', u'location': {u'country': {u'code': u'us'}, u'name': u'State College, Pennsylvania Area'}, u'headline': u'Learning Assistant at The Pennsylvania State University', 'id': '5678901234'}
03/05/2015 01:48:17 AM Classifying Ben Lengerich
03/05/2015 01:48:17 AM {u'positions': {u'_total': 0}, 'firstName': 'Ben', 'URL': 'https://www.linkedin.com/in/benlengerich', 'lastName': 'Lengerich', u'industry': u'Computer Software', 'dob': '01/01/1993', u'location': {u'country': {u'code': u'us'}, u'name': u'State College, Pennsylvania Area'}, u'headline': u'Software Engineering Intern at Google', 'id': '4444455555'}
03/05/2015 01:48:17 AM Classifying Diyar Sailaubekov
03/05/2015 01:48:17 AM {u'positions': {u'_total': 1, u'values': [{u'startDate': {u'year': 2014, u'month': 2}, u'company': {u'name': u'AltynSu'}, u'id': 640615085, u'isCurrent': True, u'title': u'developer'}]}, 'firstName': 'Diyar', 'URL': 'https://www.linkedin.com/pub/diyar-sailaubekov/a3/9b6/126', 'lastName': 'Sailaubekov', u'industry': u'Computer Networking', 'dob': '11/27/1992', u'location': {u'country': {u'code': u'us'}, u'name': u'State College, Pennsylvania Area'}, u'headline': u'developer at AltynSu', 'id': '1111199999'}
03/05/2015 11:05:54 AM Program has started
03/05/2015 11:05:54 AM Setting up API
03/05/2015 11:05:54 AM Setting up DB
03/05/2015 11:05:54 AM Reading file
03/05/2015 11:05:54 AM Starting new HTTPS connection (1): api.linkedin.com
03/05/2015 11:06:32 AM Program has started
03/05/2015 11:06:32 AM Setting up API
03/05/2015 11:06:32 AM Setting up DB
03/05/2015 11:06:32 AM Reading file
03/05/2015 11:06:32 AM Starting new HTTPS connection (1): api.linkedin.com
03/05/2015 11:06:33 AM Starting new HTTPS connection (1): api.linkedin.com
03/05/2015 11:06:33 AM Starting new HTTPS connection (1): api.linkedin.com
03/05/2015 11:06:34 AM Starting new HTTPS connection (1): api.linkedin.com
03/05/2015 11:06:34 AM Starting new HTTPS connection (1): api.linkedin.com
03/05/2015 11:06:35 AM Classifying Alibek Utyubaev
03/05/2015 11:06:35 AM {u'positions': {u'_total': 0}, 'firstName': 'Alibek', 'URL': 'https://www.linkedin.com/pub/alibek-utyubayev/21/27/744', 'lastName': 'Utyubaev', u'industry': u'Computer Software', 'dob': '05/04/1991', u'pictureUrl': u'https://media.licdn.com/mpr/mprx/0_xrBNYrnGDrG_OYbTjBcwYPcCDKnSyjbTjc_IYtQt-PCg_MK319bZr--yi49t0VQSY1vElzZP9nvN', u'location': {u'country': {u'code': u'us'}, u'name': u'State College, Pennsylvania Area'}, u'headline': u'Software Development Intern at Microsoft', 'id': '0123456789'}
03/05/2015 11:06:35 AM Classifying Nurzhan Zhambyl
03/05/2015 11:06:35 AM {u'positions': {u'_total': 0}, 'firstName': 'Nurzhan', 'URL': 'https://www.linkedin.com/in/nurzhanzhambyl', 'lastName': 'Zhambyl', u'industry': u'Computer Software', 'dob': '01/08/1991', u'location': {u'country': {u'code': u'us'}, u'name': u'State College, Pennsylvania Area'}, u'headline': u'Student at The Pennsylvania State University', 'id': '9876543210'}
03/05/2015 11:06:35 AM Classifying Yermek Issatayev
03/05/2015 11:06:35 AM {u'positions': {u'_total': 0}, 'firstName': 'Yermek', 'URL': 'https://www.linkedin.com/pub/yermek-issatayev/61/927/800', 'lastName': 'Issatayev', u'industry': u'Computer Software', 'dob': '12/23/1991', u'location': {u'country': {u'code': u'us'}, u'name': u'State College, Pennsylvania Area'}, u'headline': u'Learning Assistant at The Pennsylvania State University', 'id': '5678901234'}
03/05/2015 11:06:35 AM Classifying Ben Lengerich
03/05/2015 11:06:35 AM {u'positions': {u'_total': 0}, 'firstName': 'Ben', 'URL': 'https://www.linkedin.com/in/benlengerich', 'lastName': 'Lengerich', u'industry': u'Computer Software', 'dob': '01/01/1993', u'location': {u'country': {u'code': u'us'}, u'name': u'State College, Pennsylvania Area'}, u'headline': u'Software Engineering Intern at Google', 'id': '4444455555'}
03/05/2015 11:06:35 AM Classifying Diyar Sailaubekov
03/05/2015 11:06:35 AM {u'positions': {u'_total': 1, u'values': [{u'startDate': {u'year': 2014, u'month': 2}, u'company': {u'name': u'AltynSu'}, u'id': 640615085, u'isCurrent': True, u'title': u'developer'}]}, 'firstName': 'Diyar', 'URL': 'https://www.linkedin.com/pub/diyar-sailaubekov/a3/9b6/126', 'lastName': 'Sailaubekov', u'industry': u'Computer Networking', 'dob': '11/27/1992', u'location': {u'country': {u'code': u'us'}, u'name': u'State College, Pennsylvania Area'}, u'headline': u'developer at AltynSu', 'id': '1111199999'}
03/05/2015 11:10:57 AM Program has started
03/05/2015 11:10:57 AM Setting up API
03/05/2015 11:10:57 AM Setting up DB
03/05/2015 11:10:57 AM Reading file
03/05/2015 11:10:57 AM Starting new HTTPS connection (1): api.linkedin.com
03/05/2015 11:10:57 AM Starting new HTTPS connection (1): api.linkedin.com
03/05/2015 11:10:57 AM Starting new HTTPS connection (1): api.linkedin.com
03/05/2015 11:10:57 AM Starting new HTTPS connection (1): api.linkedin.com
03/05/2015 11:10:58 AM Starting new HTTPS connection (1): api.linkedin.com
03/05/2015 11:10:58 AM Starting new HTTPS connection (1): api.linkedin.com
03/05/2015 11:10:59 AM Classifying Alibek Utyubaev
03/05/2015 11:10:59 AM {u'positions': {u'_total': 0}, 'firstName': 'Alibek', 'URL': 'https://www.linkedin.com/pub/alibek-utyubayev/21/27/744', 'lastName': 'Utyubaev', u'industry': u'Computer Software', 'dob': '05/04/1991', u'pictureUrl': u'https://media.licdn.com/mpr/mprx/0_xrBNYrnGDrG_OYbTjBcwYPcCDKnSyjbTjc_IYtQt-PCg_MK319bZr--yi49t0VQSY1vElzZP9nvN', u'location': {u'country': {u'code': u'us'}, u'name': u'State College, Pennsylvania Area'}, u'headline': u'Software Development Intern at Microsoft', 'id': '0123456789'}
03/05/2015 11:10:59 AM Classifying Nurzhan Zhambyl
03/05/2015 11:10:59 AM {u'positions': {u'_total': 0}, 'firstName': 'Nurzhan', 'URL': 'https://www.linkedin.com/in/nurzhanzhambyl', 'lastName': 'Zhambyl', u'industry': u'Computer Software', 'dob': '01/08/1991', u'location': {u'country': {u'code': u'us'}, u'name': u'State College, Pennsylvania Area'}, u'headline': u'Student at The Pennsylvania State University', 'id': '9876543210'}
03/05/2015 11:10:59 AM Classifying Yermek Issatayev
03/05/2015 11:10:59 AM {u'positions': {u'_total': 0}, 'firstName': 'Yermek', 'URL': 'https://www.linkedin.com/pub/yermek-issatayev/61/927/800', 'lastName': 'Issatayev', u'industry': u'Computer Software', 'dob': '12/23/1991', u'location': {u'country': {u'code': u'us'}, u'name': u'State College, Pennsylvania Area'}, u'headline': u'Learning Assistant at The Pennsylvania State University', 'id': '5678901234'}
03/05/2015 11:10:59 AM Classifying Ben Lengerich
03/05/2015 11:10:59 AM {u'positions': {u'_total': 0}, 'firstName': 'Ben', 'URL': 'https://www.linkedin.com/in/benlengerich', 'lastName': 'Lengerich', u'industry': u'Computer Software', 'dob': '01/01/1993', u'location': {u'country': {u'code': u'us'}, u'name': u'State College, Pennsylvania Area'}, u'headline': u'Software Engineering Intern at Google', 'id': '4444455555'}
03/05/2015 11:10:59 AM Classifying Diyar Sailaubekov
03/05/2015 11:10:59 AM {u'positions': {u'_total': 1, u'values': [{u'startDate': {u'year': 2014, u'month': 2}, u'company': {u'name': u'AltynSu'}, u'id': 640615085, u'isCurrent': True, u'title': u'developer'}]}, 'firstName': 'Diyar', 'URL': 'https://www.linkedin.com/pub/diyar-sailaubekov/a3/9b6/126', 'lastName': 'Sailaubekov', u'industry': u'Computer Networking', 'dob': '11/27/1992', u'location': {u'country': {u'code': u'us'}, u'name': u'State College, Pennsylvania Area'}, u'headline': u'developer at AltynSu', 'id': '1111199999'}
03/05/2015 11:10:59 AM Classifying Larry Page
03/05/2015 11:10:59 AM {u'positions': {u'_total': 1, u'values': [{u'company': {u'id': 1441, u'name': u'Google'}, u'id': 37355390, u'isCurrent': True, u'title': u'Co-Founder & President, Products'}]}, 'firstName': 'Larry', 'URL': 'https://www.linkedin.com/in/tlytle', 'lastName': 'Page', u'industry': u'Marketing and Advertising', 'dob': '05/26/1973', u'location': {u'country': {u'code': u'us'}, u'name': u'San Francisco Bay Area'}, u'headline': u'Co-Founder & President, Products at Google', 'id': '1234567890'}
03/05/2015 11:13:06 AM Program has started
03/05/2015 11:13:06 AM Setting up API
03/05/2015 11:13:06 AM Setting up DB
03/05/2015 11:13:06 AM Reading file
03/05/2015 11:13:06 AM Starting new HTTPS connection (1): api.linkedin.com
03/05/2015 11:13:06 AM Starting new HTTPS connection (1): api.linkedin.com
03/05/2015 11:13:06 AM Starting new HTTPS connection (1): api.linkedin.com
03/05/2015 11:13:07 AM Starting new HTTPS connection (1): api.linkedin.com
03/05/2015 11:13:07 AM Starting new HTTPS connection (1): api.linkedin.com
03/05/2015 11:13:08 AM Starting new HTTPS connection (1): api.linkedin.com
03/05/2015 11:13:08 AM Classifying Alibek Utyubaev
03/05/2015 11:13:08 AM {u'positions': {u'_total': 0}, 'firstName': 'Alibek', 'URL': 'https://www.linkedin.com/pub/alibek-utyubayev/21/27/744', 'lastName': 'Utyubaev', u'industry': u'Computer Software', 'dob': '05/04/1991', u'pictureUrl': u'https://media.licdn.com/mpr/mprx/0_xrBNYrnGDrG_OYbTjBcwYPcCDKnSyjbTjc_IYtQt-PCg_MK319bZr--yi49t0VQSY1vElzZP9nvN', u'location': {u'country': {u'code': u'us'}, u'name': u'State College, Pennsylvania Area'}, u'headline': u'Software Development Intern at Microsoft', 'id': '0123456789'}
03/05/2015 11:13:08 AM Classifying Nurzhan Zhambyl
03/05/2015 11:13:08 AM {u'positions': {u'_total': 0}, 'firstName': 'Nurzhan', 'URL': 'https://www.linkedin.com/in/nurzhanzhambyl', 'lastName': 'Zhambyl', u'industry': u'Computer Software', 'dob': '01/08/1991', u'location': {u'country': {u'code': u'us'}, u'name': u'State College, Pennsylvania Area'}, u'headline': u'Student at The Pennsylvania State University', 'id': '9876543210'}
03/05/2015 11:13:08 AM Classifying Yermek Issatayev
03/05/2015 11:13:08 AM {u'positions': {u'_total': 0}, 'firstName': 'Yermek', 'URL': 'https://www.linkedin.com/pub/yermek-issatayev/61/927/800', 'lastName': 'Issatayev', u'industry': u'Computer Software', 'dob': '12/23/1991', u'location': {u'country': {u'code': u'us'}, u'name': u'State College, Pennsylvania Area'}, u'headline': u'Learning Assistant at The Pennsylvania State University', 'id': '5678901234'}
03/05/2015 11:13:08 AM Classifying Ben Lengerich
03/05/2015 11:13:08 AM {u'positions': {u'_total': 0}, 'firstName': 'Ben', 'URL': 'https://www.linkedin.com/in/benlengerich', 'lastName': 'Lengerich', u'industry': u'Computer Software', 'dob': '01/01/1993', u'location': {u'country': {u'code': u'us'}, u'name': u'State College, Pennsylvania Area'}, u'headline': u'Software Engineering Intern at Google', 'id': '4444455555'}
03/05/2015 11:13:08 AM Classifying Diyar Sailaubekov
03/05/2015 11:13:08 AM {u'positions': {u'_total': 1, u'values': [{u'startDate': {u'year': 2014, u'month': 2}, u'company': {u'name': u'AltynSu'}, u'id': 640615085, u'isCurrent': True, u'title': u'developer'}]}, 'firstName': 'Diyar', 'URL': 'https://www.linkedin.com/pub/diyar-sailaubekov/a3/9b6/126', 'lastName': 'Sailaubekov', u'industry': u'Computer Networking', 'dob': '11/27/1992', u'location': {u'country': {u'code': u'us'}, u'name': u'State College, Pennsylvania Area'}, u'headline': u'developer at AltynSu', 'id': '1111199999'}
03/05/2015 11:13:08 AM Classifying Larry Page
03/05/2015 11:13:08 AM {u'positions': {u'_total': 1, u'values': [{u'company': {u'id': 1441, u'name': u'Google'}, u'id': 37355390, u'isCurrent': True, u'title': u'Co-Founder & President, Products'}]}, 'firstName': 'Larry', 'URL': 'https://www.linkedin.com/in/tlytle', 'lastName': 'Page', u'industry': u'Marketing and Advertising', 'dob': '05/26/1973', u'location': {u'country': {u'code': u'us'}, u'name': u'San Francisco Bay Area'}, u'headline': u'Co-Founder & President, Products at Google', 'id': '1234567890'}
